SF:/Users/shorn/dev/dart/soco/lib/src/groups.dart
DA:79,6
DA:82,1
DA:83,2
DA:85,1
DA:86,2
DA:88,1
DA:90,4
DA:96,1
DA:97,1
DA:98,2
DA:99,2
DA:101,1
DA:102,1
DA:108,1
DA:109,1
DA:110,2
DA:111,2
DA:113,1
DA:115,1
DA:116,2
DA:117,4
DA:125,1
DA:126,3
DA:128,2
DA:130,3
DA:132,2
DA:134,2
DA:141,1
DA:143,1
DA:145,3
DA:147,2
DA:149,3
DA:151,3
DA:158,1
DA:159,3
DA:161,2
DA:163,1
DA:164,1
DA:171,1
DA:173,3
DA:175,3
DA:196,1
DA:198,3
DA:200,2
DA:202,3
DA:204,1
DA:205,1
DA:206,1
DA:209,2
LF:49
LH:49
end_of_record
SF:/Users/shorn/dev/dart/soco/lib/src/core.dart
DA:20,33
DA:59,6
DA:60,8
DA:112,33
DA:243,18
DA:246,9
DA:255,8
DA:256,8
DA:258,16
DA:259,16
DA:260,16
DA:261,16
DA:262,16
DA:263,16
DA:264,16
DA:265,16
DA:266,16
DA:267,16
DA:271,2
DA:302,11
DA:303,22
DA:304,22
DA:306,11
DA:307,22
DA:312,11
DA:315,22
DA:317,6
DA:321,22
DA:322,22
DA:323,22
DA:324,22
DA:325,22
DA:326,22
DA:327,22
DA:328,22
DA:329,22
DA:330,22
DA:332,22
DA:334,44
DA:337,2
DA:338,4
DA:341,0
DA:342,0
DA:343,0
DA:347,2
DA:348,4
DA:350,4
DA:351,4
DA:353,0
DA:357,1
DA:358,2
DA:360,1
DA:361,1
DA:362,1
DA:363,1
DA:371,2
DA:372,2
DA:373,1
DA:375,4
DA:377,6
DA:378,2
DA:384,1
DA:385,1
DA:386,2
DA:387,2
DA:389,1
DA:396,1
DA:397,1
DA:398,1
DA:402,0
DA:403,0
DA:404,0
DA:406,0
DA:407,0
DA:411,1
DA:412,2
DA:413,2
DA:417,0
DA:418,0
DA:419,0
DA:423,1
DA:424,2
DA:430,0
DA:431,0
DA:432,0
DA:436,0
DA:437,0
DA:438,0
DA:448,1
DA:449,2
DA:450,0
DA:453,3
DA:454,1
DA:458,0
DA:459,0
DA:464,0
DA:470,0
DA:471,0
DA:473,0
DA:474,0
DA:475,0
DA:476,0
DA:479,0
DA:483,1
DA:484,1
DA:485,2
DA:486,0
DA:489,3
DA:490,4
DA:493,1
DA:497,1
DA:498,2
DA:499,0
DA:502,3
DA:503,1
DA:516,1
DA:522,2
DA:523,1
DA:526,2
DA:528,1
DA:529,1
DA:532,1
DA:534,0
DA:535,0
DA:538,0
DA:539,0
DA:540,0
DA:541,0
DA:542,0
DA:543,0
DA:544,0
DA:545,0
DA:546,0
DA:547,0
DA:548,0
DA:549,0
DA:551,0
DA:552,0
DA:553,0
DA:554,0
DA:555,0
DA:556,0
DA:557,0
DA:558,0
DA:559,0
DA:560,0
DA:561,0
DA:562,0
DA:563,0
DA:564,0
DA:565,0
DA:566,0
DA:567,0
DA:568,0
DA:569,0
DA:570,0
DA:571,0
DA:572,0
DA:573,0
DA:574,0
DA:575,0
DA:578,0
DA:580,0
DA:581,0
DA:584,0
DA:587,0
DA:601,1
DA:603,2
DA:604,0
DA:608,2
DA:609,2
DA:611,1
DA:612,1
DA:613,1
DA:614,1
DA:619,2
DA:621,1
DA:622,1
DA:623,1
DA:624,2
DA:630,0
DA:638,3
DA:639,6
DA:641,9
DA:683,2
DA:693,4
DA:696,1
DA:701,1
DA:704,2
DA:709,1
DA:710,1
DA:711,2
DA:715,4
DA:717,2
DA:718,2
DA:719,2
DA:720,2
DA:726,1
DA:733,3
DA:734,6
DA:736,9
DA:741,3
DA:742,6
DA:744,9
DA:749,1
DA:750,2
DA:752,2
DA:780,3
DA:782,1
DA:786,4
DA:788,2
DA:789,2
DA:790,2
DA:791,4
DA:797,6
DA:798,1
DA:801,6
DA:803,3
DA:804,3
DA:805,3
DA:806,3
DA:818,2
DA:819,4
DA:821,6
DA:830,2
DA:831,4
DA:833,6
DA:844,3
DA:845,6
DA:847,9
DA:849,3
DA:850,3
DA:854,2
DA:856,4
DA:858,2
DA:859,2
DA:860,2
DA:861,2
DA:869,3
DA:870,6
DA:872,9
DA:874,3
DA:875,3
DA:881,3
DA:882,3
DA:883,6
DA:885,3
DA:886,3
DA:887,3
DA:888,3
DA:896,3
DA:897,6
DA:899,6
DA:901,3
DA:902,3
DA:908,3
DA:909,6
DA:910,6
DA:912,9
DA:919,3
DA:920,6
DA:922,6
DA:924,3
DA:925,3
DA:931,3
DA:932,6
DA:933,6
DA:935,3
DA:936,3
DA:937,3
DA:969,2
DA:973,4
DA:975,2
DA:976,2
DA:977,2
DA:978,2
DA:979,2
DA:980,2
DA:981,2
DA:984,4
DA:1004,1
DA:1006,2
DA:1008,1
DA:1009,1
DA:1010,1
DA:1011,1
DA:1014,2
DA:1018,2
DA:1020,2
DA:1021,2
DA:1022,8
DA:1024,4
DA:1041,3
DA:1042,6
DA:1044,6
DA:1046,3
DA:1050,3
DA:1051,3
DA:1052,3
DA:1053,2
DA:1056,6
DA:1058,9
DA:1065,1
DA:1066,1
DA:1067,1
DA:1072,1
DA:1073,1
DA:1074,2
DA:1076,1
DA:1084,1
DA:1085,1
DA:1086,1
DA:1091,1
DA:1092,1
DA:1093,2
DA:1095,1
DA:1102,3
DA:1103,6
DA:1105,6
DA:1107,3
DA:1108,3
DA:1112,3
DA:1114,6
DA:1116,3
DA:1117,3
DA:1118,3
DA:1134,2
DA:1135,4
DA:1137,4
DA:1140,2
DA:1148,4
DA:1149,4
DA:1150,4
DA:1151,4
DA:1153,2
DA:1157,2
DA:1160,0
DA:1161,0
DA:1165,0
DA:1166,0
DA:1170,0
DA:1171,0
DA:1172,0
DA:1176,0
DA:1177,0
DA:1181,0
DA:1182,0
DA:1183,0
DA:1184,0
DA:1186,0
DA:1188,0
DA:1194,0
DA:1195,0
DA:1196,0
DA:1197,0
DA:1198,0
DA:1199,0
DA:1200,0
DA:1204,0
DA:1205,0
DA:1207,0
DA:1208,0
DA:1210,0
DA:1211,0
DA:1213,0
DA:1214,0
DA:1215,0
DA:1219,0
DA:1220,0
DA:1221,0
DA:1222,0
DA:1225,0
DA:1226,0
DA:1228,0
DA:1238,2
DA:1239,0
DA:1248,0
DA:1250,0
DA:1254,0
DA:1255,0
DA:1256,0
DA:1257,0
DA:1258,0
DA:1259,0
DA:1260,0
DA:1263,0
DA:1264,0
DA:1265,0
DA:1266,0
DA:1267,0
DA:1272,0
DA:1275,0
DA:1276,0
DA:1277,0
DA:1278,0
DA:1280,0
DA:1285,0
DA:1286,0
DA:1287,0
DA:1288,0
DA:1291,0
DA:1292,0
DA:1293,0
DA:1294,0
DA:1297,0
DA:1298,0
DA:1299,0
DA:1300,0
DA:1301,0
DA:1302,0
DA:1303,0
DA:1304,0
DA:1305,0
DA:1308,0
DA:1309,0
DA:1310,0
DA:1311,0
DA:1312,0
DA:1313,0
DA:1327,1
DA:1328,2
DA:1330,2
DA:1333,1
DA:1335,2
DA:1337,1
DA:1338,1
DA:1340,0
DA:1341,0
DA:1342,0
DA:1343,0
DA:1344,0
DA:1345,0
DA:1346,0
DA:1347,0
DA:1351,0
DA:1352,0
DA:1353,0
DA:1354,0
DA:1355,0
DA:1356,0
DA:1359,0
DA:1376,2
DA:1377,4
DA:1379,4
DA:1382,2
DA:1383,2
DA:1384,2
DA:1385,2
DA:1396,1
DA:1397,2
DA:1399,2
DA:1401,1
DA:1405,6
DA:1431,2
DA:1432,4
DA:1433,6
DA:1434,2
DA:1443,1
DA:1444,2
DA:1446,2
DA:1448,2
DA:1452,1
DA:1453,1
DA:1454,1
DA:1458,1
DA:1459,1
DA:1460,1
DA:1464,1
DA:1465,1
DA:1466,1
DA:1470,0
DA:1471,0
DA:1472,0
DA:1474,0
DA:1475,0
DA:1476,0
DA:1477,0
DA:1483,0
DA:1484,0
DA:1485,0
DA:1487,0
DA:1488,0
DA:1489,0
DA:1490,0
DA:1513,1
DA:1519,2
DA:1520,1
DA:1525,1
DA:1526,1
DA:1527,2
DA:1528,2
DA:1529,1
DA:1530,2
DA:1531,2
DA:1532,2
DA:1535,2
DA:1537,1
DA:1538,1
DA:1539,1
DA:1542,1
DA:1543,0
DA:1544,0
DA:1557,1
DA:1558,2
DA:1560,2
DA:1563,1
DA:1564,1
DA:1565,1
DA:1566,4
DA:1567,4
DA:1568,2
DA:1601,0
DA:1605,0
DA:1606,0
DA:1608,0
DA:1609,0
DA:1610,0
DA:1615,0
DA:1616,0
DA:1619,0
DA:1621,0
DA:1625,0
DA:1626,0
DA:1628,0
DA:1631,0
DA:1632,0
DA:1633,0
DA:1635,0
DA:1640,0
DA:1642,0
DA:1649,0
DA:1650,0
DA:1652,0
DA:1655,0
DA:1675,2
DA:1680,4
DA:1682,2
DA:1683,2
DA:1684,2
DA:1685,2
DA:1686,2
DA:1687,2
DA:1688,2
DA:1692,2
DA:1693,2
DA:1694,2
DA:1697,4
DA:1698,2
DA:1699,2
DA:1700,6
DA:1705,2
DA:1706,2
DA:1707,2
DA:1710,0
DA:1713,0
DA:1718,2
DA:1720,2
DA:1721,2
DA:1722,2
DA:1727,1
DA:1728,2
DA:1730,1
DA:1731,1
DA:1732,1
DA:1733,1
DA:1734,1
DA:1735,1
DA:1736,1
DA:1740,1
DA:1741,1
DA:1746,1
DA:1747,2
DA:1749,1
DA:1751,1
DA:1755,0
DA:1772,1
DA:1778,1
DA:1782,1
DA:1787,1
DA:1789,2
DA:1791,2
DA:1793,1
DA:1794,1
DA:1795,1
DA:1796,1
DA:1797,1
DA:1798,1
DA:1802,1
DA:1803,1
DA:1812,1
DA:1814,2
DA:1816,2
DA:1818,1
DA:1819,1
DA:1820,1
DA:1821,1
DA:1827,1
DA:1828,2
DA:1830,2
DA:1842,2
DA:1843,4
DA:1844,2
DA:1845,2
DA:1849,2
DA:1851,4
DA:1853,4
DA:1860,1
DA:1861,2
DA:1862,1
DA:1863,1
DA:1867,1
DA:1869,2
DA:1871,2
DA:1881,3
DA:1882,6
DA:1884,9
DA:1886,3
DA:1887,3
DA:1891,3
DA:1893,6
DA:1895,3
DA:1896,3
DA:1897,3
DA:1898,3
DA:1909,1
DA:1910,2
DA:1912,3
DA:1914,2
DA:1916,3
DA:1918,2
DA:1919,2
DA:1924,1
DA:1925,1
DA:1926,1
DA:1928,2
DA:1930,1
DA:1931,1
DA:1932,1
DA:1933,1
DA:1936,2
DA:1938,1
DA:1939,1
DA:1940,1
DA:1941,1
DA:1949,0
DA:1950,0
DA:1954,0
DA:1956,0
DA:1958,0
DA:1967,0
DA:1968,0
DA:1969,0
DA:1972,0
DA:1973,0
DA:1975,0
DA:1976,0
DA:1977,0
DA:1978,0
DA:1986,1
DA:1987,1
DA:1991,2
DA:1993,3
DA:1995,2
DA:1999,1
DA:2000,1
DA:2001,0
DA:2004,2
DA:2006,1
DA:2007,1
DA:2008,1
DA:2009,1
DA:2017,1
DA:2018,1
DA:2022,2
DA:2024,3
DA:2026,2
DA:2030,1
DA:2031,1
DA:2032,0
DA:2035,2
DA:2037,1
DA:2038,1
DA:2039,1
DA:2040,1
DA:2053,0
DA:2054,0
DA:2058,0
DA:2060,0
DA:2062,0
DA:2066,0
DA:2067,0
DA:2068,0
DA:2071,0
DA:2073,0
DA:2074,0
DA:2075,0
DA:2076,0
DA:2084,0
DA:2085,0
DA:2086,0
DA:2089,0
DA:2090,0
DA:2094,0
DA:2096,0
DA:2098,0
DA:2107,0
DA:2108,0
DA:2109,0
DA:2112,0
DA:2113,0
DA:2114,0
DA:2119,0
DA:2120,0
DA:2125,0
DA:2127,0
DA:2128,0
DA:2129,0
DA:2130,0
DA:2138,1
DA:2139,1
DA:2143,2
DA:2145,3
DA:2147,2
DA:2151,0
DA:2152,0
DA:2153,0
DA:2156,0
DA:2158,0
DA:2159,0
DA:2160,0
DA:2161,0
DA:2169,1
DA:2170,1
DA:2174,2
DA:2176,3
DA:2178,2
DA:2185,1
DA:2186,1
DA:2187,0
DA:2190,3
DA:2191,1
DA:2196,2
DA:2198,1
DA:2199,1
DA:2200,1
DA:2201,1
DA:2210,0
DA:2211,0
DA:2215,0
DA:2217,0
DA:2219,0
DA:2226,0
DA:2227,0
DA:2228,0
DA:2231,0
DA:2233,0
DA:2234,0
DA:2235,0
DA:2236,0
DA:2244,0
DA:2245,0
DA:2249,0
DA:2251,0
DA:2253,0
DA:2259,0
DA:2260,0
DA:2261,0
DA:2264,0
DA:2265,0
DA:2268,0
DA:2270,0
DA:2271,0
DA:2272,0
DA:2273,0
DA:2281,0
DA:2282,0
DA:2286,0
DA:2288,0
DA:2289,0
DA:2290,0
DA:2293,0
DA:2299,0
DA:2300,0
DA:2301,0
DA:2304,0
DA:2305,0
DA:2308,0
DA:2310,0
DA:2311,0
DA:2312,0
DA:2313,0
DA:2324,1
DA:2325,2
DA:2327,2
DA:2330,2
DA:2333,2
DA:2339,0
DA:2340,0
DA:2342,0
DA:2347,0
DA:2348,0
DA:2353,0
DA:2355,0
DA:2356,0
DA:2357,0
DA:2363,1
DA:2364,2
DA:2366,2
DA:2368,2
DA:2376,2
DA:2377,4
DA:2379,4
DA:2381,4
DA:2387,1
DA:2389,2
DA:2391,1
DA:2392,1
DA:2393,1
DA:2396,0
DA:2397,0
DA:2398,0
DA:2408,6
DA:2411,6
DA:2412,12
DA:2414,6
DA:2415,12
DA:2421,0
DA:2422,0
DA:2423,0
DA:2429,0
DA:2430,0
DA:2431,0
DA:2432,0
DA:2440,2
DA:2441,4
DA:2442,6
DA:2446,1
DA:2447,2
DA:2448,3
DA:2457,0
DA:2458,0
DA:2459,0
DA:2460,0
DA:2461,0
DA:2467,0
DA:2468,0
DA:2469,0
DA:2471,0
DA:2472,0
DA:2473,0
DA:2474,0
DA:2477,0
DA:2484,0
DA:2485,0
DA:2487,0
DA:2489,0
DA:2500,1
DA:2501,2
DA:2502,2
DA:2507,3
DA:2517,1
DA:2518,2
DA:2521,2
DA:2523,3
DA:2530,2
DA:2536,3
DA:2551,1
DA:2556,1
DA:2569,0
DA:2570,0
DA:2571,0
DA:2573,0
DA:2575,0
DA:2577,0
DA:2583,0
DA:2584,0
DA:2586,0
DA:2588,0
DA:2589,0
DA:2590,0
DA:2593,0
DA:2617,1
DA:2625,2
DA:2652,1
DA:2660,2
DA:2686,1
DA:2694,2
DA:2720,1
DA:2728,2
DA:2745,1
DA:2746,2
DA:2748,1
DA:2749,1
DA:2750,1
DA:2751,1
DA:2752,1
DA:2756,1
DA:2757,2
DA:2758,1
DA:2760,1
DA:2761,1
DA:2763,1
DA:2780,1
DA:2783,2
DA:2785,1
DA:2786,1
DA:2787,1
DA:2788,1
DA:2792,1
DA:2793,2
DA:2794,1
DA:2796,1
DA:2797,1
DA:2799,1
DA:2818,1
DA:2819,1
DA:2820,1
DA:2822,2
DA:2824,2
DA:2835,1
DA:2839,1
DA:2840,1
DA:2844,2
DA:2846,1
DA:2847,1
DA:2848,1
DA:2849,1
DA:2850,1
DA:2851,1
DA:2852,1
DA:2855,2
DA:2859,2
DA:2862,5
DA:2865,2
DA:2867,1
DA:2868,1
DA:2869,1
DA:2870,1
DA:2871,1
DA:2872,1
DA:2874,1
DA:2911,1
DA:2917,1
DA:2918,1
DA:2924,1
DA:2925,1
DA:2926,2
DA:2927,1
DA:2928,2
DA:2929,2
DA:2931,4
DA:2933,3
DA:2934,1
DA:2938,1
DA:2939,2
DA:2941,1
DA:2942,1
DA:2943,1
DA:2944,1
DA:2945,1
DA:2946,1
DA:2947,1
DA:2950,2
DA:2954,1
DA:2956,3
DA:2957,1
DA:2958,1
DA:2961,1
DA:2963,2
DA:2965,1
DA:2966,1
DA:2967,1
DA:2968,1
DA:2969,1
DA:2970,1
DA:2974,3
DA:2975,2
DA:2978,2
DA:2979,1
DA:2996,1
DA:3001,1
DA:3004,0
DA:3007,2
DA:3008,1
DA:3009,4
DA:3011,1
DA:3012,1
DA:3019,1
DA:3039,1
DA:3045,1
DA:3064,1
DA:3069,1
DA:3081,0
DA:3082,0
DA:3086,0
DA:3088,0
DA:3089,0
DA:3092,0
DA:3093,0
DA:3094,0
DA:3097,0
DA:3098,0
DA:3100,0
DA:3102,0
DA:3107,0
DA:3108,0
DA:3109,0
DA:3124,1
DA:3132,1
DA:3136,0
DA:3143,1
DA:3144,2
DA:3148,1
DA:3150,1
DA:3151,1
DA:3152,1
DA:3153,1
DA:3155,0
DA:3158,0
DA:3159,0
DA:3160,0
DA:3161,0
DA:3162,0
DA:3163,0
DA:3168,1
DA:3172,2
LF:1026
LH:633
end_of_record
SF:/Users/shorn/dev/dart/soco/lib/src/data_structure_quirks.dart
DA:19,6
DA:32,3
DA:34,3
DA:41,2
DA:42,4
DA:46,4
DA:47,2
DA:50,2
DA:53,4
LF:9
LH:9
end_of_record
SF:/Users/shorn/dev/dart/soco/lib/src/data_structures.dart
DA:19,6
DA:22,12
DA:33,9
DA:66,3
DA:67,3
DA:68,3
DA:70,3
DA:76,3
DA:77,6
DA:78,12
DA:83,6
DA:90,3
DA:93,6
DA:94,3
DA:95,2
DA:99,6
DA:100,6
DA:105,2
DA:106,4
DA:107,3
DA:112,6
DA:113,2
DA:114,2
DA:118,6
DA:129,0
DA:132,2
DA:133,2
DA:134,2
DA:135,2
DA:136,2
DA:137,2
DA:138,2
DA:139,2
DA:140,2
DA:142,2
DA:143,2
DA:153,1
DA:154,0
DA:164,1
DA:165,0
DA:175,1
DA:176,0
DA:186,1
DA:187,0
DA:197,1
DA:198,0
DA:208,1
DA:209,0
DA:219,1
DA:220,0
DA:232,1
DA:243,2
DA:244,2
DA:245,1
DA:246,1
DA:247,1
DA:249,2
DA:250,1
DA:260,1
DA:261,1
DA:271,1
DA:272,0
DA:282,1
DA:283,1
DA:294,1
DA:305,1
DA:306,1
DA:318,0
DA:334,6
DA:342,3
DA:352,6
DA:353,3
DA:354,0
DA:357,6
DA:361,1
DA:362,1
DA:363,2
DA:366,1
DA:370,4
DA:371,5
DA:376,1
DA:377,1
DA:380,1
DA:381,2
DA:382,1
DA:383,1
DA:384,1
DA:390,2
DA:391,3
DA:394,4
DA:443,5
DA:459,3
DA:461,3
DA:462,3
DA:465,2
DA:467,2
DA:474,3
DA:477,3
DA:479,0
DA:484,3
DA:485,3
DA:487,3
DA:488,3
DA:489,3
DA:490,3
DA:491,3
DA:492,3
DA:493,3
DA:494,3
DA:495,3
DA:496,3
DA:504,4
DA:505,4
DA:507,4
DA:509,8
DA:512,6
DA:514,10
DA:515,8
DA:516,7
DA:517,4
DA:518,3
DA:520,4
DA:521,3
DA:523,4
DA:524,3
DA:526,6
DA:527,4
DA:528,3
DA:530,6
DA:532,8
DA:540,2
DA:541,2
DA:542,2
DA:543,2
DA:544,6
DA:548,1
DA:549,1
DA:550,1
DA:551,1
DA:552,1
DA:553,1
DA:554,1
DA:555,1
DA:556,1
DA:557,1
DA:558,1
DA:559,1
DA:560,1
DA:561,1
DA:565,2
DA:571,1
DA:572,4
DA:591,2
DA:625,9
DA:627,3
DA:628,3
DA:629,6
DA:630,3
DA:631,6
DA:632,12
DA:638,5
DA:647,3
DA:648,4
DA:652,3
DA:655,3
DA:670,3
DA:672,6
DA:673,6
DA:674,1
DA:675,1
DA:681,6
DA:682,3
DA:685,1
DA:688,3
DA:691,6
DA:692,3
DA:693,2
DA:698,3
DA:701,3
DA:704,1
DA:708,3
DA:712,1
DA:726,1
DA:728,1
DA:740,3
DA:746,3
DA:749,3
DA:750,2
DA:756,0
DA:759,2
DA:760,0
DA:766,0
DA:769,2
DA:770,1
DA:776,0
DA:779,2
DA:780,0
DA:786,0
DA:789,2
DA:790,0
DA:796,0
DA:799,2
DA:800,0
DA:806,0
DA:809,2
DA:810,0
DA:816,0
DA:819,2
DA:820,0
DA:826,0
DA:829,2
DA:830,1
DA:836,0
DA:839,2
DA:840,1
DA:846,0
DA:849,2
DA:850,0
DA:856,0
DA:859,2
DA:860,2
DA:866,0
DA:869,1
DA:870,1
DA:876,0
DA:879,1
DA:880,0
DA:886,0
DA:889,1
DA:890,1
DA:896,0
DA:901,0
DA:907,0
DA:914,3
DA:924,3
DA:925,3
DA:926,0
DA:929,3
DA:930,3
DA:931,0
DA:938,3
DA:940,3
DA:941,3
DA:942,6
DA:946,3
DA:947,3
DA:950,3
DA:952,6
DA:953,6
DA:954,6
DA:957,9
DA:959,3
DA:961,3
DA:962,2
DA:967,3
DA:968,3
DA:969,3
DA:975,3
DA:978,3
DA:979,5
DA:980,2
DA:981,2
DA:985,4
DA:986,2
DA:990,4
DA:997,0
DA:998,0
DA:1003,3
DA:1006,6
DA:1007,9
DA:1009,3
DA:1011,1
DA:1012,1
DA:1014,2
DA:1015,0
DA:1017,2
DA:1024,0
DA:1025,0
DA:1027,0
DA:1028,0
DA:1029,0
DA:1031,0
DA:1033,0
DA:1034,0
DA:1035,0
DA:1036,0
DA:1038,0
DA:1049,3
DA:1051,6
DA:1052,6
DA:1054,6
DA:1057,3
DA:1058,3
DA:1059,3
DA:1060,6
DA:1065,3
DA:1066,3
DA:1067,3
DA:1068,6
DA:1073,6
DA:1074,3
DA:1078,6
DA:1079,3
DA:1081,3
DA:1085,3
DA:1086,6
DA:1092,7
DA:1093,2
DA:1094,2
DA:1095,1
DA:1096,3
DA:1097,1
DA:1098,3
DA:1105,2
DA:1107,12
DA:1119,4
DA:1130,2
DA:1131,2
DA:1138,4
DA:1149,1
DA:1150,1
DA:1157,3
DA:1168,2
DA:1169,2
DA:1176,1
DA:1187,1
DA:1188,1
DA:1195,2
DA:1206,2
DA:1207,2
DA:1214,1
DA:1225,1
DA:1226,1
DA:1237,4
DA:1247,4
DA:1250,2
DA:1251,2
DA:1258,3
DA:1269,2
DA:1270,2
DA:1277,1
DA:1288,0
DA:1289,0
DA:1296,3
DA:1307,0
DA:1308,0
DA:1315,1
DA:1326,1
DA:1327,1
DA:1334,3
DA:1345,1
DA:1346,1
DA:1353,3
DA:1364,1
DA:1365,1
DA:1372,2
DA:1383,0
DA:1384,0
DA:1391,2
DA:1402,1
DA:1403,1
DA:1433,3
DA:1441,1
DA:1443,4
DA:1463,2
DA:1470,0
DA:1472,0
DA:1480,4
DA:1482,8
DA:1483,8
DA:1484,8
DA:1485,8
DA:1486,8
DA:1487,8
DA:1489,8
DA:1490,8
DA:1491,8
DA:1492,8
DA:1493,8
DA:1494,8
DA:1495,8
DA:1496,8
DA:1498,8
DA:1499,8
DA:1507,0
DA:1508,0
DA:1509,0
LF:387
LH:323
end_of_record
SF:/Users/shorn/dev/dart/soco/lib/src/data_structures_entry.dart
DA:12,12
DA:24,12
DA:37,4
DA:39,4
DA:40,8
DA:42,6
DA:48,4
DA:53,4
DA:57,0
DA:58,0
DA:61,4
DA:63,6
DA:64,4
DA:66,4
DA:68,1
DA:74,2
DA:75,2
DA:81,2
DA:86,8
DA:87,1
DA:88,4
DA:89,4
DA:90,2
DA:91,1
DA:96,8
DA:102,1
DA:103,2
LF:27
LH:25
end_of_record
SF:/Users/shorn/dev/dart/soco/lib/src/exceptions.dart
DA:11,11
DA:13,1
DA:14,1
DA:26,4
DA:28,1
DA:29,2
DA:50,7
DA:55,7
DA:57,6
DA:58,6
DA:68,4
DA:79,4
DA:85,1
DA:91,1
DA:97,1
DA:103,1
DA:110,1
DA:116,2
DA:136,1
DA:140,2
DA:142,1
DA:143,2
DA:157,1
DA:160,1
DA:162,1
DA:165,1
DA:166,3
LF:27
LH:27
end_of_record
SF:/Users/shorn/dev/dart/soco/lib/src/utils.dart
DA:7,15
DA:8,15
DA:25,5
DA:26,15
DA:27,15
DA:29,14
DA:30,12
DA:32,5
DA:51,1
DA:52,1
DA:53,1
DA:55,1
DA:56,4
DA:58,3
DA:59,2
DA:60,3
DA:64,1
DA:76,1
DA:78,1
DA:79,1
DA:94,1
DA:95,3
DA:111,2
DA:114,4
DA:124,2
DA:125,2
DA:126,8
DA:136,1
DA:137,1
DA:140,1
DA:141,1
DA:142,4
DA:146,1
DA:150,1
DA:151,2
DA:152,1
DA:153,5
DA:155,1
DA:184,1
LF:39
LH:39
end_of_record
SF:/Users/shorn/dev/dart/soco/lib/src/xml.dart
DA:17,3
DA:72,5
DA:74,10
DA:79,1
DA:81,2
DA:83,1
DA:93,1
DA:94,2
LF:8
LH:8
end_of_record
SF:/Users/shorn/dev/dart/soco/lib/src/config.dart
DA:81,1
DA:83,1
DA:88,1
DA:97,1
LF:4
LH:4
end_of_record
SF:/Users/shorn/dev/dart/soco/lib/src/cache.dart
DA:45,1
DA:56,1
DA:62,1
DA:68,1
DA:111,13
DA:123,11
DA:125,11
DA:131,11
DA:133,22
DA:134,18
DA:136,27
DA:137,1
DA:140,18
DA:160,11
DA:167,11
DA:172,10
DA:173,11
DA:176,33
DA:178,22
DA:183,1
DA:185,1
DA:186,2
DA:190,1
DA:192,2
DA:203,12
DA:206,12
DA:207,68
DA:210,12
DA:212,12
DA:221,11
DA:236,13
DA:238,13
DA:240,1
LF:33
LH:33
end_of_record
SF:/Users/shorn/dev/dart/soco/lib/src/music_library.dart
DA:51,11
DA:52,1
DA:53,33
DA:59,1
DA:60,0
DA:62,0
DA:64,1
DA:74,1
DA:77,2
DA:78,3
DA:89,1
DA:90,1
DA:91,1
DA:95,1
DA:96,1
DA:97,1
DA:98,1
DA:99,1
DA:100,2
DA:103,1
DA:104,2
DA:105,1
DA:106,1
DA:107,2
DA:108,2
DA:113,1
DA:114,1
DA:121,0
DA:122,0
DA:129,0
DA:130,0
DA:137,0
DA:138,0
DA:145,0
DA:146,0
DA:153,0
DA:154,0
DA:163,0
DA:178,0
DA:180,0
DA:182,0
DA:188,1
DA:196,1
DA:209,1
DA:217,1
DA:230,1
DA:238,1
DA:251,1
DA:259,1
DA:272,1
DA:280,1
DA:293,1
DA:301,1
DA:317,1
DA:325,1
DA:338,2
DA:346,2
DA:359,2
DA:367,2
DA:380,2
DA:388,2
DA:478,2
DA:487,2
DA:489,2
DA:495,1
DA:496,2
DA:497,2
DA:503,1
DA:505,2
DA:507,2
DA:511,2
DA:516,4
DA:521,0
DA:529,2
DA:532,2
DA:533,2
DA:534,2
DA:535,1
DA:537,2
DA:538,2
DA:545,4
DA:546,3
DA:549,0
DA:552,1
DA:562,0
DA:565,2
DA:593,2
DA:601,2
DA:605,2
DA:606,3
DA:612,3
DA:618,2
DA:621,1
DA:623,2
DA:624,2
DA:631,4
DA:632,2
DA:633,2
DA:636,0
DA:638,0
DA:641,2
DA:644,2
DA:645,2
DA:646,2
DA:672,1
DA:679,1
DA:681,2
DA:687,2
DA:691,1
DA:692,1
DA:694,1
DA:695,1
DA:697,1
DA:705,1
DA:739,2
DA:744,4
DA:746,2
DA:747,2
DA:748,2
DA:749,2
DA:750,2
DA:751,2
DA:752,2
DA:757,2
DA:758,4
DA:759,8
LF:126
LH:105
end_of_record
SF:/Users/shorn/dev/dart/soco/lib/src/services.dart
DA:29,30
DA:43,1
DA:49,1
DA:51,5
DA:52,3
DA:53,2
DA:66,1
DA:68,1
DA:70,1
DA:71,2
DA:72,4
DA:74,3
DA:93,1
DA:100,1
DA:102,1
DA:103,3
DA:105,1
DA:106,5
DA:108,1
DA:200,12
DA:201,36
DA:202,12
DA:203,24
DA:204,48
DA:205,36
DA:206,48
DA:207,36
DA:208,24
DA:231,10
DA:232,10
DA:233,18
DA:234,8
DA:235,16
DA:237,8
DA:238,16
DA:240,10
DA:250,9
DA:253,9
DA:254,0
DA:257,0
DA:258,0
DA:265,9
DA:269,9
DA:270,27
DA:272,9
DA:273,18
DA:274,36
DA:293,1
DA:298,1
DA:299,2
DA:302,2
DA:307,0
DA:308,0
DA:310,0
DA:311,0
DA:312,0
DA:313,0
DA:318,0
DA:319,0
DA:320,0
DA:322,0
DA:323,0
DA:327,0
DA:328,0
DA:332,0
DA:333,0
DA:337,0
DA:338,0
DA:353,10
DA:358,10
DA:362,10
DA:363,20
DA:364,30
DA:365,10
DA:368,10
DA:371,30
DA:375,20
DA:390,10
DA:396,20
DA:400,20
DA:401,10
DA:402,44
DA:409,10
DA:412,30
DA:413,0
DA:414,0
DA:418,20
DA:424,40
DA:425,10
DA:426,10
DA:427,9
DA:428,9
DA:429,9
DA:432,1
DA:433,1
DA:436,50
DA:438,20
DA:439,18
DA:442,18
DA:443,18
DA:445,9
DA:446,42
DA:450,0
DA:454,10
DA:456,10
DA:458,0
DA:460,1
DA:461,3
DA:462,4
DA:466,15
DA:479,5
DA:481,5
DA:483,5
DA:487,5
DA:489,10
DA:490,10
DA:492,15
DA:494,5
DA:495,5
DA:496,5
DA:498,5
DA:499,10
DA:501,5
DA:508,5
DA:512,1
DA:520,1
DA:521,1
DA:522,1
DA:526,2
DA:527,1
DA:531,1
DA:532,1
DA:536,4
DA:537,1
DA:539,1
DA:540,2
DA:542,2
DA:543,2
DA:544,2
DA:550,2
DA:551,1
DA:557,1
DA:558,1
DA:563,2
DA:564,1
DA:569,2
DA:571,1
DA:572,1
DA:573,1
DA:576,1
DA:577,1
DA:578,1
DA:581,1
DA:582,1
DA:583,1
DA:587,1
DA:588,1
DA:592,1
DA:593,3
DA:594,1
DA:599,1
DA:600,1
DA:604,1
DA:605,1
DA:606,1
DA:608,1
DA:609,1
DA:610,1
DA:612,1
DA:613,1
DA:614,1
DA:619,2
DA:629,1
DA:630,2
DA:631,1
DA:633,2
DA:635,1
DA:636,1
DA:637,1
DA:640,1
DA:641,1
DA:643,1
DA:648,2
DA:649,1
DA:651,2
DA:653,1
DA:654,1
DA:655,1
DA:658,1
DA:659,1
DA:660,1
DA:663,1
DA:664,1
DA:665,1
DA:668,1
DA:669,1
DA:671,1
DA:673,1
DA:674,1
DA:676,1
DA:681,2
DA:689,0
DA:697,1
DA:698,1
DA:699,2
DA:708,1
DA:709,1
DA:710,1
DA:714,2
DA:715,1
DA:719,1
DA:720,1
DA:724,4
DA:725,1
DA:727,1
DA:728,2
DA:730,2
DA:731,2
DA:732,2
DA:738,2
DA:739,1
DA:745,1
DA:747,2
DA:749,1
DA:750,1
DA:752,1
DA:753,1
DA:754,1
DA:757,1
DA:758,1
DA:759,1
DA:762,1
DA:766,0
DA:793,1
DA:800,1
DA:814,2
DA:816,2
DA:818,4
DA:819,2
DA:820,2
DA:824,8
DA:833,11
DA:834,11
DA:835,11
DA:841,11
DA:842,11
DA:848,11
DA:849,11
DA:855,11
DA:856,11
DA:862,11
DA:863,11
DA:869,11
DA:870,11
DA:876,1
DA:877,1
DA:883,1
DA:884,1
DA:890,11
DA:891,11
DA:892,11
DA:893,11
DA:894,22
DA:900,1
DA:901,1
DA:902,1
DA:903,1
DA:909,11
DA:910,11
DA:911,11
DA:912,11
DA:913,22
DA:919,1
DA:920,1
DA:921,1
DA:922,1
DA:928,11
DA:929,11
DA:930,11
DA:931,11
DA:932,22
DA:938,1
DA:939,1
DA:940,1
DA:941,1
DA:947,11
DA:948,11
DA:949,11
DA:950,11
DA:951,22
DA:956,8
DA:958,8
DA:959,8
DA:960,8
DA:961,8
DA:962,8
LF:296
LH:270
end_of_record
SF:/Users/shorn/dev/dart/soco/lib/src/zonegroupstate.dart
DA:30,18
DA:73,3
DA:74,3
DA:78,6
DA:79,12
DA:80,12
DA:81,12
DA:91,6
DA:93,18
DA:94,12
DA:95,8
DA:96,8
DA:97,8
DA:111,12
DA:114,5
DA:117,5
DA:120,5
DA:125,20
DA:127,5
DA:128,10
DA:130,1
DA:131,3
DA:134,2
DA:135,1
DA:143,0
DA:154,6
DA:159,12
DA:161,6
DA:163,12
DA:164,3
DA:168,12
DA:169,12
DA:170,18
DA:173,6
DA:174,6
DA:180,6
DA:183,6
DA:188,30
DA:189,6
DA:190,24
DA:192,6
DA:195,12
DA:196,6
DA:197,6
DA:200,30
DA:201,6
DA:206,12
DA:211,6
DA:212,6
DA:213,6
DA:215,12
DA:217,2
DA:218,2
DA:223,2
DA:224,1
DA:225,2
DA:226,1
DA:235,30
DA:236,6
DA:237,6
DA:238,12
DA:240,12
DA:246,6
DA:247,6
DA:249,6
DA:250,6
DA:254,12
DA:257,12
DA:258,6
DA:259,6
DA:263,6
DA:265,6
DA:266,6
DA:269,6
DA:270,6
DA:272,6
DA:273,6
DA:275,6
DA:277,2
DA:281,6
DA:282,30
DA:283,6
DA:284,13
DA:287,6
DA:290,6
DA:291,12
DA:293,8
DA:294,2
DA:295,2
DA:296,2
DA:298,2
DA:303,12
DA:304,6
DA:318,6
DA:320,6
DA:321,6
DA:324,6
DA:326,6
DA:328,0
DA:334,6
DA:335,18
DA:337,6
DA:340,9
DA:342,6
DA:344,6
DA:345,3
DA:349,24
DA:350,12
DA:351,12
DA:352,6
DA:357,6
DA:361,12
DA:365,6
DA:366,12
LF:114
LH:112
end_of_record
SF:/Users/shorn/dev/dart/soco/lib/src/discovery.dart
DA:12,3
DA:15,1
DA:17,0
DA:19,1
DA:70,1
DA:81,1
DA:83,2
DA:85,1
DA:86,2
DA:87,1
DA:91,1
DA:92,1
DA:93,0
DA:96,2
DA:97,1
DA:102,1
DA:103,2
DA:105,1
DA:107,1
DA:108,1
DA:109,1
DA:110,3
DA:112,3
DA:116,1
DA:117,2
DA:122,1
DA:123,1
DA:125,2
DA:126,2
DA:127,3
DA:129,1
DA:131,0
DA:132,0
DA:133,0
DA:138,1
DA:139,0
DA:144,1
DA:147,2
DA:148,2
DA:149,1
DA:150,1
DA:152,2
DA:153,2
DA:154,2
DA:158,1
DA:160,3
DA:163,2
DA:164,1
DA:168,1
DA:170,3
DA:171,1
DA:172,1
DA:176,3
DA:177,1
DA:178,1
DA:190,3
DA:191,1
DA:192,2
DA:193,2
DA:194,1
DA:196,1
DA:201,1
DA:205,2
DA:206,1
DA:207,0
DA:209,0
DA:210,0
DA:211,0
DA:212,0
DA:213,0
DA:216,1
DA:219,1
DA:220,1
DA:221,1
DA:222,1
DA:242,1
DA:249,2
DA:250,2
DA:251,1
DA:260,0
DA:265,0
DA:278,1
DA:283,1
DA:292,2
DA:293,2
DA:352,1
DA:364,2
DA:367,1
DA:368,2
DA:369,3
DA:373,2
DA:374,2
DA:377,2
DA:378,1
DA:380,0
DA:385,1
DA:386,2
DA:387,1
DA:393,1
DA:394,1
DA:397,1
DA:398,2
DA:402,2
DA:404,1
DA:405,1
DA:406,3
DA:408,1
DA:409,2
DA:410,1
DA:411,3
DA:412,1
DA:413,1
DA:415,2
DA:417,1
DA:418,1
DA:419,1
DA:429,4
DA:432,1
DA:433,4
DA:436,1
DA:437,2
DA:443,0
DA:444,0
DA:447,0
DA:449,0
DA:459,0
DA:461,0
DA:478,1
DA:487,1
DA:498,0
DA:499,0
DA:500,0
DA:501,0
DA:507,3
DA:524,1
DA:527,1
DA:532,2
DA:533,2
DA:535,2
DA:538,2
DA:542,3
DA:557,1
DA:560,1
DA:565,2
DA:566,2
DA:568,2
DA:573,4
DA:574,1
DA:582,2
DA:583,1
DA:584,1
DA:589,3
DA:594,1
DA:599,2
DA:602,2
DA:605,4
DA:612,1
DA:615,3
DA:617,10
DA:619,4
DA:620,1
DA:621,2
DA:624,3
DA:626,1
DA:627,2
DA:628,2
DA:629,2
DA:630,1
DA:633,3
DA:651,1
DA:653,1
DA:656,3
DA:658,0
DA:672,0
DA:675,0
DA:676,0
DA:691,1
DA:698,2
DA:700,1
DA:704,1
DA:706,3
DA:709,1
DA:712,0
DA:715,0
DA:716,0
DA:717,0
DA:721,0
DA:725,0
LF:188
LH:153
end_of_record
SF:/Users/shorn/dev/dart/soco/lib/src/ms_data_structures.dart
DA:11,0
DA:17,1
DA:19,2
DA:20,4
DA:27,1
DA:29,1
DA:31,1
DA:35,1
DA:36,2
DA:38,6
DA:41,2
DA:45,1
DA:46,1
DA:47,1
DA:48,1
DA:49,1
DA:50,0
DA:51,1
DA:52,0
DA:53,1
DA:54,0
DA:55,1
DA:56,1
DA:57,1
DA:58,1
DA:59,1
DA:60,1
DA:62,2
DA:67,2
DA:68,2
DA:70,4
DA:71,8
DA:72,2
DA:73,4
DA:74,2
DA:76,0
DA:98,3
DA:101,1
DA:110,1
DA:111,1
DA:112,1
DA:117,1
DA:118,2
DA:120,2
DA:121,4
DA:122,2
DA:126,1
DA:128,1
DA:129,0
DA:132,2
DA:136,2
DA:137,2
DA:138,2
DA:140,1
DA:145,1
DA:146,2
DA:151,1
DA:152,2
DA:165,2
DA:166,1
DA:167,0
DA:168,0
DA:173,1
DA:177,3
DA:180,6
DA:181,6
DA:182,6
DA:183,3
DA:184,3
DA:185,3
DA:187,1
DA:190,1
DA:191,5
DA:194,1
DA:195,3
DA:197,1
DA:199,3
DA:200,2
DA:201,1
DA:202,1
DA:203,5
DA:207,3
DA:210,1
DA:212,1
DA:213,1
DA:219,2
DA:220,2
DA:221,2
DA:228,2
DA:229,1
DA:236,1
DA:237,1
DA:239,1
DA:245,1
DA:246,1
DA:248,1
DA:249,1
DA:250,1
DA:253,1
DA:254,1
DA:255,1
DA:256,1
DA:257,2
DA:260,1
DA:261,1
DA:262,1
DA:263,2
DA:266,1
DA:268,1
DA:272,1
DA:273,4
DA:281,2
DA:291,1
DA:294,2
DA:296,2
DA:297,2
DA:298,2
DA:299,2
DA:300,2
DA:301,2
DA:302,2
DA:303,2
DA:304,2
DA:305,2
DA:306,2
DA:307,2
DA:308,2
DA:309,2
DA:310,2
DA:311,2
DA:312,2
DA:315,2
DA:316,2
DA:318,2
DA:321,1
DA:322,1
DA:326,2
DA:327,2
DA:328,2
DA:332,4
DA:337,1
DA:340,2
DA:342,2
DA:343,2
DA:344,2
DA:345,2
DA:346,2
DA:347,2
DA:348,2
DA:349,2
DA:350,2
DA:351,2
DA:354,2
DA:355,2
DA:357,3
DA:359,1
DA:360,1
DA:364,2
DA:365,2
DA:366,2
DA:370,4
DA:375,1
DA:378,1
DA:380,1
DA:381,1
DA:382,1
DA:383,1
DA:384,1
DA:385,1
DA:386,1
DA:387,1
DA:388,1
DA:389,1
DA:392,1
DA:393,1
DA:395,1
DA:397,0
DA:398,0
DA:402,0
DA:403,0
DA:404,0
DA:408,0
DA:413,1
DA:416,0
DA:418,0
DA:419,0
DA:420,0
DA:421,0
DA:422,0
DA:423,0
DA:424,0
DA:427,1
DA:428,1
DA:430,1
DA:432,0
DA:433,0
DA:437,0
DA:438,0
DA:439,0
DA:443,0
DA:448,1
DA:451,1
DA:453,1
DA:454,1
DA:455,1
DA:456,1
DA:457,1
DA:458,1
DA:461,1
DA:462,1
DA:464,1
DA:466,0
DA:471,0
DA:475,0
DA:476,0
DA:477,0
DA:481,0
DA:486,1
DA:489,2
DA:491,2
DA:492,2
DA:493,2
DA:494,2
DA:495,2
DA:496,2
DA:497,2
DA:498,2
DA:501,2
DA:502,2
DA:504,2
DA:506,1
DA:507,1
DA:511,2
DA:512,2
DA:513,2
DA:517,4
DA:522,1
DA:525,2
DA:527,2
DA:528,2
DA:529,2
DA:530,2
DA:531,2
DA:532,2
DA:533,2
DA:536,2
DA:537,2
DA:539,2
DA:541,1
DA:542,1
DA:546,2
DA:547,2
DA:548,2
DA:552,4
DA:557,1
DA:560,2
DA:562,2
DA:563,2
DA:564,2
DA:565,2
DA:566,2
DA:567,2
DA:568,2
DA:571,2
DA:572,2
DA:574,2
DA:576,1
DA:581,1
DA:585,2
DA:586,2
DA:587,2
DA:591,4
DA:595,0
DA:596,0
DA:597,0
DA:598,0
DA:599,0
DA:600,0
DA:601,0
DA:602,0
DA:603,0
DA:608,0
DA:609,0
DA:610,0
LF:284
LH:238
end_of_record
SF:/Users/shorn/dev/dart/soco/lib/src/plugins/wimp.dart
DA:57,3
DA:74,3
DA:89,1
DA:91,1
DA:93,1
DA:94,2
DA:97,1
DA:100,1
DA:102,1
DA:110,1
DA:120,0
DA:127,1
DA:128,1
DA:132,4
DA:133,0
DA:135,0
DA:136,0
DA:143,0
DA:197,0
DA:213,1
DA:227,1
DA:230,1
DA:231,1
DA:233,0
DA:234,0
DA:236,0
DA:237,0
DA:239,0
DA:241,0
DA:244,0
DA:245,0
DA:248,1
DA:249,2
DA:252,2
DA:255,2
DA:258,3
DA:263,1
DA:268,1
DA:275,1
DA:280,1
DA:287,1
DA:292,1
DA:303,1
DA:308,1
DA:326,1
DA:332,1
DA:335,2
DA:336,2
DA:340,1
DA:342,1
DA:343,1
DA:346,1
DA:347,1
DA:348,1
DA:349,1
DA:352,1
DA:353,1
DA:354,1
DA:356,1
DA:358,2
DA:361,2
DA:362,2
DA:364,2
DA:365,1
DA:366,4
DA:370,1
DA:372,1
DA:373,0
DA:374,0
DA:392,1
DA:393,1
DA:396,4
DA:397,1
DA:405,2
DA:406,1
DA:408,1
DA:413,1
DA:414,1
DA:415,1
DA:418,1
DA:419,1
DA:420,1
DA:424,1
DA:425,2
DA:428,1
DA:429,2
DA:430,0
DA:435,1
DA:438,2
DA:440,2
DA:441,1
DA:442,4
DA:445,2
DA:446,3
DA:447,3
DA:448,0
DA:449,0
DA:465,1
DA:466,2
DA:468,1
DA:478,1
DA:480,1
DA:481,2
DA:484,2
DA:487,1
DA:488,3
DA:489,1
DA:490,2
DA:491,1
DA:492,2
DA:498,1
DA:500,1
DA:503,2
DA:504,2
DA:506,1
DA:507,1
DA:508,3
DA:510,2
DA:512,7
DA:513,7
DA:514,1
DA:515,7
DA:516,1
DA:517,7
DA:519,1
DA:523,1
DA:524,1
DA:527,2
DA:528,2
DA:530,1
DA:531,1
DA:532,3
DA:534,2
DA:536,1
DA:537,6
DA:538,7
DA:539,1
DA:540,6
DA:542,1
DA:546,1
DA:547,1
DA:548,1
DA:549,1
DA:550,1
DA:551,1
DA:556,2
DA:557,2
DA:559,1
DA:560,1
DA:561,3
DA:563,2
DA:565,1
DA:566,7
DA:567,1
DA:568,7
DA:569,1
DA:570,6
DA:576,1
DA:577,2
DA:578,1
DA:579,1
DA:581,2
DA:583,3
DA:585,2
DA:588,2
DA:589,1
DA:591,1
LF:167
LH:148
end_of_record
SF:/Users/shorn/dev/dart/soco/lib/src/plugins/plugins.dart
DA:6,6
DA:20,2
DA:21,4
DA:22,6
LF:4
LH:4
end_of_record
SF:/Users/shorn/dev/dart/soco/lib/src/plugins/sharelink.dart
DA:28,1
DA:29,1
DA:30,1
DA:35,1
DA:40,1
DA:45,1
DA:50,1
DA:55,1
DA:72,1
DA:74,1
DA:77,1
DA:79,3
DA:84,1
DA:87,1
DA:89,1
DA:90,1
DA:91,1
DA:92,1
DA:99,1
DA:105,1
DA:107,1
DA:110,1
DA:112,3
DA:117,1
DA:120,1
DA:122,1
DA:123,1
DA:124,1
DA:126,1
DA:127,1
DA:134,1
DA:136,1
DA:139,1
DA:141,3
DA:146,1
DA:149,1
DA:151,1
DA:152,1
DA:153,1
DA:155,1
DA:156,1
DA:163,1
DA:166,1
DA:169,1
DA:171,2
DA:175,1
DA:176,1
DA:178,2
DA:182,1
DA:185,1
DA:187,2
DA:193,1
DA:196,1
DA:198,1
DA:199,1
DA:200,1
DA:201,1
DA:221,1
DA:223,1
DA:227,1
DA:228,2
DA:229,1
DA:249,1
DA:255,2
DA:257,2
DA:258,1
DA:259,1
DA:260,1
DA:262,3
DA:277,4
DA:278,1
DA:279,3
DA:280,3
DA:283,3
DA:285,1
DA:286,1
DA:287,1
DA:288,1
DA:289,1
DA:290,1
DA:294,1
DA:295,1
DA:296,1
LF:83
LH:83
end_of_record
SF:/Users/shorn/dev/dart/soco/lib/src/alarms.dart
DA:47,1
DA:48,1
DA:51,1
DA:52,1
DA:95,1
DA:97,2
DA:98,1
DA:99,1
DA:100,1
DA:101,1
DA:111,3
DA:114,1
DA:117,2
DA:120,2
DA:123,1
DA:125,1
DA:126,2
DA:127,3
DA:128,1
DA:132,1
DA:133,3
DA:135,1
DA:136,2
DA:139,3
DA:142,3
DA:149,1
DA:150,0
DA:153,0
DA:156,1
DA:158,2
DA:159,1
DA:161,1
DA:162,1
DA:163,1
DA:164,2
DA:166,2
DA:167,0
DA:169,0
DA:170,0
DA:177,0
DA:178,0
DA:183,2
DA:188,1
DA:190,1
DA:193,2
DA:194,1
DA:195,1
DA:197,2
DA:199,1
DA:201,1
DA:202,1
DA:203,2
DA:208,3
DA:209,2
DA:210,1
DA:211,2
DA:229,1
DA:234,1
DA:237,3
DA:238,0
DA:241,1
DA:247,1
DA:255,1
DA:259,1
DA:260,1
DA:262,2
DA:263,1
DA:265,1
DA:267,2
DA:268,1
DA:270,1
DA:272,2
DA:273,2
DA:284,1
DA:285,1
DA:286,1
DA:288,1
DA:290,1
DA:291,2
DA:292,1
DA:293,2
DA:294,1
DA:295,1
DA:296,1
DA:297,2
DA:299,2
DA:302,1
DA:309,1
DA:310,1
DA:311,1
DA:315,2
DA:316,2
DA:317,2
DA:386,1
DA:397,1
DA:402,1
DA:404,1
DA:406,1
DA:410,1
DA:411,1
DA:412,1
DA:413,1
DA:414,1
DA:415,1
DA:416,1
DA:417,1
DA:418,1
DA:419,1
DA:420,1
DA:423,1
DA:424,1
DA:425,2
DA:427,1
DA:428,2
DA:430,1
DA:431,2
DA:433,1
DA:434,2
DA:436,1
DA:437,2
DA:439,1
DA:440,2
DA:442,3
DA:443,3
DA:444,1
DA:445,2
DA:450,1
DA:451,1
DA:452,4
DA:455,1
DA:457,2
DA:458,2
DA:462,1
DA:463,4
DA:464,3
DA:465,3
DA:472,2
DA:474,1
DA:475,1
DA:476,1
DA:477,2
DA:479,1
DA:483,2
DA:485,1
DA:487,2
DA:496,2
DA:498,1
DA:499,1
DA:500,2
DA:502,1
DA:506,2
DA:509,1
DA:510,1
DA:520,1
DA:521,2
DA:522,1
DA:523,3
DA:524,4
DA:525,2
DA:526,2
DA:527,1
DA:528,2
DA:529,2
DA:530,2
DA:531,2
DA:532,2
DA:535,1
DA:536,3
DA:540,2
DA:542,1
DA:543,5
DA:544,4
DA:546,3
DA:549,4
DA:550,3
DA:553,1
DA:563,1
DA:564,3
DA:566,3
DA:569,1
DA:570,3
DA:571,1
DA:588,1
DA:592,1
DA:596,1
DA:599,3
DA:603,2
DA:604,1
DA:609,1
DA:610,1
DA:611,1
DA:612,1
DA:617,2
DA:618,1
DA:619,1
DA:621,1
DA:627,1
DA:631,1
DA:632,1
DA:633,1
DA:635,2
DA:636,1
DA:640,1
DA:641,4
DA:642,1
DA:643,1
DA:644,4
DA:647,1
DA:648,1
DA:649,1
DA:650,2
DA:651,2
DA:652,2
DA:653,2
DA:656,1
DA:667,1
DA:668,1
DA:669,1
DA:670,3
DA:682,1
DA:683,1
DA:684,1
DA:685,1
DA:689,1
LF:224
LH:216
end_of_record
SF:/Users/shorn/dev/dart/soco/lib/src/snapshot.dart
DA:104,1
DA:106,1
DA:107,2
DA:117,1
DA:119,3
DA:122,3
DA:124,2
DA:126,2
DA:138,5
DA:139,4
DA:141,1
DA:144,1
DA:149,3
DA:150,3
DA:151,3
DA:152,3
DA:153,3
DA:156,1
DA:158,3
DA:159,3
DA:162,2
DA:163,1
DA:164,2
DA:166,2
DA:168,2
DA:171,2
DA:175,1
DA:176,2
DA:177,2
DA:181,1
DA:184,1
DA:195,1
DA:197,1
DA:198,1
DA:201,1
DA:206,1
DA:207,2
DA:208,2
DA:209,2
DA:210,2
DA:216,1
DA:220,2
DA:221,2
DA:222,2
DA:226,1
DA:229,3
DA:235,2
DA:236,2
DA:238,3
DA:239,3
DA:244,1
DA:245,3
DA:247,1
DA:248,3
DA:250,1
DA:257,3
DA:258,2
DA:259,1
DA:260,1
DA:271,1
DA:272,1
DA:273,3
DA:281,2
DA:282,2
DA:287,1
DA:288,3
DA:290,1
DA:291,3
DA:293,1
DA:294,3
DA:300,2
DA:301,1
DA:302,3
DA:306,1
DA:307,3
DA:314,1
DA:315,1
DA:324,0
DA:325,0
DA:330,0
DA:332,0
DA:333,0
DA:336,0
DA:348,1
DA:349,1
DA:351,0
DA:353,0
DA:354,0
DA:355,0
LF:89
LH:79
end_of_record
SF:/Users/shorn/dev/dart/soco/lib/src/soap.dart
DA:18,3
DA:40,1
DA:41,2
DA:42,3
DA:45,1
DA:46,3
DA:98,1
DA:120,1
DA:124,1
DA:129,2
DA:133,1
DA:149,1
DA:151,1
DA:166,1
DA:171,1
DA:172,2
DA:173,1
DA:174,1
DA:176,2
DA:177,2
DA:180,1
DA:184,1
DA:186,1
DA:198,1
DA:202,1
DA:216,1
DA:217,3
DA:218,2
DA:219,4
DA:220,1
DA:233,1
DA:234,1
DA:237,3
DA:238,0
DA:242,1
DA:244,2
DA:249,2
DA:250,1
DA:251,1
DA:252,1
DA:253,1
DA:254,1
DA:257,0
DA:258,0
DA:261,5
DA:263,1
DA:265,1
DA:267,2
DA:271,1
DA:275,1
DA:278,3
DA:279,3
DA:280,2
DA:281,1
DA:290,1
DA:294,1
DA:295,1
DA:296,1
DA:297,1
DA:300,1
DA:302,2
DA:304,1
DA:308,1
DA:312,0
DA:313,0
DA:314,0
DA:318,3
DA:319,3
DA:320,2
DA:322,1
DA:329,1
DA:330,3
DA:331,2
DA:344,1
DA:346,1
DA:347,1
DA:348,1
DA:349,1
DA:350,1
LF:79
LH:73
end_of_record
SF:/Users/shorn/dev/dart/soco/lib/src/events_base.dart
DA:20,3
DA:23,3
DA:41,1
DA:43,2
DA:45,2
DA:46,2
DA:47,1
DA:50,1
DA:51,1
DA:54,2
DA:59,2
DA:60,3
DA:65,3
DA:66,1
DA:67,1
DA:69,1
DA:77,1
DA:78,1
DA:82,1
DA:84,1
DA:85,1
DA:89,1
DA:91,1
DA:92,1
DA:96,1
DA:101,3
DA:102,2
DA:105,1
DA:115,2
DA:117,1
DA:123,1
DA:127,0
DA:128,0
DA:129,0
DA:134,0
DA:139,0
DA:143,1
DA:145,2
DA:146,2
DA:148,1
DA:152,5
DA:158,2
DA:159,3
DA:160,0
DA:200,1
DA:206,1
DA:212,3
DA:214,1
DA:216,5
DA:233,1
DA:234,3
DA:235,2
DA:236,2
DA:239,2
DA:243,1
DA:244,2
DA:245,3
DA:246,1
DA:249,1
DA:252,1
DA:255,1
DA:257,3
DA:359,1
DA:361,1
DA:362,0
DA:363,3
DA:403,1
DA:404,2
DA:405,2
DA:412,1
DA:413,2
DA:416,3
DA:417,4
DA:418,2
DA:425,1
DA:426,1
DA:427,4
DA:429,0
DA:431,0
DA:432,0
DA:433,0
DA:440,1
DA:441,2
DA:442,1
DA:446,1
DA:448,2
DA:451,3
DA:452,2
DA:456,1
DA:460,1
DA:461,1
DA:462,1
DA:465,1
DA:468,2
DA:471,2
DA:476,1
DA:477,1
DA:490,1
DA:491,1
DA:492,3
DA:500,1
DA:501,1
DA:502,3
DA:513,1
DA:514,2
DA:518,3
DA:528,1
LF:107
LH:96
end_of_record
