SF:/Users/shorn/dev/dart/soco/lib/src/groups.dart
DA:79,5
DA:82,1
DA:83,2
DA:85,1
DA:86,2
DA:88,1
DA:90,4
DA:96,1
DA:97,1
DA:98,2
DA:99,2
DA:101,1
DA:102,1
DA:108,1
DA:109,1
DA:110,2
DA:111,2
DA:113,1
DA:115,1
DA:116,2
DA:117,4
DA:125,1
DA:126,3
DA:128,2
DA:130,3
DA:132,2
DA:134,2
DA:141,1
DA:143,1
DA:145,3
DA:147,2
DA:149,3
DA:151,3
DA:158,1
DA:159,3
DA:161,2
DA:163,1
DA:164,1
DA:171,1
DA:173,3
DA:175,3
DA:196,1
DA:198,3
DA:200,2
DA:202,3
DA:204,1
DA:205,1
DA:206,1
DA:209,2
LF:49
LH:49
end_of_record
SF:/Users/shorn/dev/dart/soco/lib/src/core.dart
DA:17,33
DA:56,6
DA:57,8
DA:109,33
DA:240,15
DA:243,9
DA:252,7
DA:253,7
DA:255,14
DA:256,14
DA:257,14
DA:258,14
DA:259,14
DA:260,14
DA:261,14
DA:262,14
DA:263,14
DA:264,14
DA:268,2
DA:299,11
DA:300,22
DA:301,22
DA:303,11
DA:304,22
DA:309,11
DA:312,22
DA:314,6
DA:318,22
DA:319,22
DA:320,22
DA:321,22
DA:322,22
DA:323,22
DA:324,22
DA:325,22
DA:326,22
DA:327,22
DA:329,22
DA:331,44
DA:334,2
DA:335,4
DA:338,0
DA:339,0
DA:340,0
DA:344,2
DA:345,4
DA:347,4
DA:348,4
DA:350,0
DA:354,1
DA:355,2
DA:357,1
DA:358,1
DA:359,1
DA:360,1
DA:368,1
DA:369,1
DA:370,1
DA:372,2
DA:374,3
DA:375,1
DA:381,1
DA:382,1
DA:383,2
DA:384,2
DA:386,1
DA:393,1
DA:394,1
DA:395,1
DA:399,0
DA:400,0
DA:401,0
DA:403,0
DA:404,0
DA:408,1
DA:409,2
DA:410,2
DA:414,0
DA:415,0
DA:416,0
DA:420,1
DA:421,2
DA:427,0
DA:428,0
DA:429,0
DA:433,0
DA:434,0
DA:435,0
DA:445,1
DA:446,2
DA:447,0
DA:450,3
DA:451,1
DA:455,0
DA:456,0
DA:461,0
DA:467,0
DA:468,0
DA:470,0
DA:471,0
DA:472,0
DA:473,0
DA:476,0
DA:480,1
DA:481,1
DA:482,2
DA:483,0
DA:486,3
DA:487,4
DA:490,1
DA:494,1
DA:495,2
DA:496,0
DA:499,3
DA:500,1
DA:513,0
DA:517,0
DA:518,0
DA:521,0
DA:523,0
DA:524,0
DA:527,0
DA:529,0
DA:530,0
DA:533,0
DA:534,0
DA:535,0
DA:536,0
DA:537,0
DA:538,0
DA:539,0
DA:540,0
DA:541,0
DA:542,0
DA:543,0
DA:544,0
DA:546,0
DA:547,0
DA:548,0
DA:549,0
DA:550,0
DA:551,0
DA:552,0
DA:553,0
DA:554,0
DA:555,0
DA:556,0
DA:557,0
DA:558,0
DA:559,0
DA:560,0
DA:561,0
DA:562,0
DA:563,0
DA:564,0
DA:565,0
DA:566,0
DA:567,0
DA:568,0
DA:569,0
DA:570,0
DA:573,0
DA:575,0
DA:576,0
DA:579,0
DA:582,0
DA:596,0
DA:598,0
DA:599,0
DA:603,0
DA:604,0
DA:606,0
DA:607,0
DA:608,0
DA:609,0
DA:614,0
DA:616,0
DA:617,0
DA:618,0
DA:619,0
DA:625,0
DA:633,3
DA:634,6
DA:636,9
DA:678,2
DA:688,4
DA:702,1
DA:704,1
DA:705,1
DA:710,1
DA:711,1
DA:712,2
DA:716,4
DA:718,2
DA:719,2
DA:720,2
DA:721,2
DA:727,1
DA:734,3
DA:735,6
DA:737,9
DA:742,3
DA:743,6
DA:745,9
DA:750,1
DA:751,2
DA:753,2
DA:781,2
DA:783,1
DA:787,4
DA:789,2
DA:790,2
DA:791,2
DA:792,4
DA:798,4
DA:799,1
DA:802,4
DA:804,2
DA:805,2
DA:806,2
DA:807,2
DA:819,2
DA:820,4
DA:822,6
DA:831,2
DA:832,4
DA:834,6
DA:845,3
DA:846,6
DA:848,9
DA:850,3
DA:851,3
DA:855,2
DA:857,4
DA:859,2
DA:860,2
DA:861,2
DA:862,2
DA:870,3
DA:871,6
DA:873,9
DA:875,3
DA:876,3
DA:882,3
DA:883,3
DA:884,6
DA:886,3
DA:887,3
DA:888,3
DA:889,3
DA:897,3
DA:898,6
DA:900,6
DA:902,3
DA:903,3
DA:909,3
DA:910,6
DA:911,6
DA:913,9
DA:920,3
DA:921,6
DA:923,6
DA:925,3
DA:926,3
DA:932,3
DA:933,6
DA:934,6
DA:936,3
DA:937,3
DA:938,3
DA:970,2
DA:974,4
DA:976,2
DA:977,2
DA:978,2
DA:979,2
DA:980,2
DA:981,2
DA:982,2
DA:985,4
DA:1005,1
DA:1007,2
DA:1009,1
DA:1010,1
DA:1011,1
DA:1012,1
DA:1015,2
DA:1019,1
DA:1021,1
DA:1022,1
DA:1023,1
DA:1024,1
DA:1025,1
DA:1029,2
DA:1031,2
DA:1032,2
DA:1033,8
DA:1035,4
DA:1052,3
DA:1053,6
DA:1055,6
DA:1057,3
DA:1061,2
DA:1062,2
DA:1063,2
DA:1064,2
DA:1067,4
DA:1069,6
DA:1076,1
DA:1077,1
DA:1078,1
DA:1083,1
DA:1084,1
DA:1085,2
DA:1087,1
DA:1095,1
DA:1096,1
DA:1097,1
DA:1102,1
DA:1103,1
DA:1104,2
DA:1106,1
DA:1113,3
DA:1114,6
DA:1116,6
DA:1118,3
DA:1119,3
DA:1123,2
DA:1125,4
DA:1127,2
DA:1128,2
DA:1129,2
DA:1145,2
DA:1146,4
DA:1148,4
DA:1151,2
DA:1159,4
DA:1160,4
DA:1161,4
DA:1162,4
DA:1164,2
DA:1167,4
DA:1169,0
DA:1175,2
DA:1176,0
DA:1191,1
DA:1192,2
DA:1194,2
DA:1197,1
DA:1199,2
DA:1201,1
DA:1202,1
DA:1220,2
DA:1221,4
DA:1223,4
DA:1226,2
DA:1227,2
DA:1228,2
DA:1229,2
DA:1240,1
DA:1241,2
DA:1243,2
DA:1245,1
DA:1249,6
DA:1275,2
DA:1276,4
DA:1277,6
DA:1278,2
DA:1287,1
DA:1288,2
DA:1290,2
DA:1292,2
DA:1296,1
DA:1297,1
DA:1298,1
DA:1302,1
DA:1303,1
DA:1304,1
DA:1308,1
DA:1309,1
DA:1310,1
DA:1314,0
DA:1315,0
DA:1316,0
DA:1318,0
DA:1319,0
DA:1320,0
DA:1321,0
DA:1327,0
DA:1328,0
DA:1329,0
DA:1331,0
DA:1332,0
DA:1333,0
DA:1334,0
DA:1357,1
DA:1363,2
DA:1364,1
DA:1369,1
DA:1370,1
DA:1371,2
DA:1372,2
DA:1373,1
DA:1374,2
DA:1375,2
DA:1376,2
DA:1379,2
DA:1381,1
DA:1382,1
DA:1383,1
DA:1386,1
DA:1387,0
DA:1388,0
DA:1401,1
DA:1402,2
DA:1404,2
DA:1407,1
DA:1408,1
DA:1409,1
DA:1410,4
DA:1411,4
DA:1412,2
DA:1445,0
DA:1449,0
DA:1450,0
DA:1452,0
DA:1453,0
DA:1454,0
DA:1459,0
DA:1460,0
DA:1463,0
DA:1465,0
DA:1469,0
DA:1470,0
DA:1472,0
DA:1475,0
DA:1476,0
DA:1477,0
DA:1479,0
DA:1484,0
DA:1486,0
DA:1493,0
DA:1494,0
DA:1496,0
DA:1499,0
DA:1519,2
DA:1524,4
DA:1526,2
DA:1527,2
DA:1528,2
DA:1529,2
DA:1530,2
DA:1531,2
DA:1532,2
DA:1537,2
DA:1540,4
DA:1541,2
DA:1542,2
DA:1543,6
DA:1550,2
DA:1551,2
DA:1557,1
DA:1558,2
DA:1560,1
DA:1561,1
DA:1562,1
DA:1563,1
DA:1564,1
DA:1565,1
DA:1566,1
DA:1570,1
DA:1571,1
DA:1576,1
DA:1577,2
DA:1579,1
DA:1581,1
DA:1585,0
DA:1602,1
DA:1609,1
DA:1620,2
DA:1622,1
DA:1623,1
DA:1624,1
DA:1625,1
DA:1626,1
DA:1627,1
DA:1631,1
DA:1632,1
DA:1641,1
DA:1643,2
DA:1645,2
DA:1647,1
DA:1648,1
DA:1649,1
DA:1650,1
DA:1656,1
DA:1657,2
DA:1659,2
DA:1671,2
DA:1672,4
DA:1673,2
DA:1674,2
DA:1678,2
DA:1680,4
DA:1682,4
DA:1689,1
DA:1690,2
DA:1691,1
DA:1692,1
DA:1696,1
DA:1698,2
DA:1700,2
DA:1710,3
DA:1711,6
DA:1713,9
DA:1715,3
DA:1716,3
DA:1720,3
DA:1722,6
DA:1724,3
DA:1725,3
DA:1726,3
DA:1727,3
DA:1738,1
DA:1739,2
DA:1741,3
DA:1743,2
DA:1745,3
DA:1747,2
DA:1748,2
DA:1753,1
DA:1754,1
DA:1755,1
DA:1757,2
DA:1759,1
DA:1760,1
DA:1761,1
DA:1762,1
DA:1765,2
DA:1767,1
DA:1768,1
DA:1769,1
DA:1770,1
DA:1778,0
DA:1779,0
DA:1783,0
DA:1785,0
DA:1787,0
DA:1796,0
DA:1797,0
DA:1798,0
DA:1801,0
DA:1802,0
DA:1804,0
DA:1805,0
DA:1806,0
DA:1807,0
DA:1815,1
DA:1816,1
DA:1820,2
DA:1822,3
DA:1824,2
DA:1828,1
DA:1829,1
DA:1830,0
DA:1833,2
DA:1835,1
DA:1836,1
DA:1837,1
DA:1838,1
DA:1846,1
DA:1847,1
DA:1851,2
DA:1853,3
DA:1855,2
DA:1859,1
DA:1860,1
DA:1861,0
DA:1864,2
DA:1866,1
DA:1867,1
DA:1868,1
DA:1869,1
DA:1882,0
DA:1883,0
DA:1887,0
DA:1889,0
DA:1891,0
DA:1895,0
DA:1896,0
DA:1897,0
DA:1900,0
DA:1902,0
DA:1903,0
DA:1904,0
DA:1905,0
DA:1913,0
DA:1914,0
DA:1915,0
DA:1918,0
DA:1919,0
DA:1923,0
DA:1925,0
DA:1927,0
DA:1936,0
DA:1937,0
DA:1938,0
DA:1941,0
DA:1942,0
DA:1943,0
DA:1948,0
DA:1949,0
DA:1954,0
DA:1956,0
DA:1957,0
DA:1958,0
DA:1959,0
DA:1967,1
DA:1968,1
DA:1972,2
DA:1974,3
DA:1976,2
DA:1980,0
DA:1981,0
DA:1982,0
DA:1985,0
DA:1987,0
DA:1988,0
DA:1989,0
DA:1990,0
DA:1998,1
DA:1999,1
DA:2003,2
DA:2005,3
DA:2007,2
DA:2014,1
DA:2015,1
DA:2016,0
DA:2019,3
DA:2020,1
DA:2025,2
DA:2027,1
DA:2028,1
DA:2029,1
DA:2030,1
DA:2039,0
DA:2040,0
DA:2044,0
DA:2046,0
DA:2048,0
DA:2055,0
DA:2056,0
DA:2057,0
DA:2060,0
DA:2062,0
DA:2063,0
DA:2064,0
DA:2065,0
DA:2073,0
DA:2074,0
DA:2078,0
DA:2080,0
DA:2082,0
DA:2088,0
DA:2089,0
DA:2090,0
DA:2093,0
DA:2094,0
DA:2097,0
DA:2099,0
DA:2100,0
DA:2101,0
DA:2102,0
DA:2110,0
DA:2111,0
DA:2115,0
DA:2117,0
DA:2118,0
DA:2119,0
DA:2122,0
DA:2128,0
DA:2129,0
DA:2130,0
DA:2133,0
DA:2134,0
DA:2137,0
DA:2139,0
DA:2140,0
DA:2141,0
DA:2142,0
DA:2153,1
DA:2154,2
DA:2156,2
DA:2159,2
DA:2162,2
DA:2168,0
DA:2169,0
DA:2171,0
DA:2176,0
DA:2177,0
DA:2182,0
DA:2184,0
DA:2185,0
DA:2186,0
DA:2192,1
DA:2193,2
DA:2195,2
DA:2197,2
DA:2205,2
DA:2206,4
DA:2208,4
DA:2210,4
DA:2216,1
DA:2218,2
DA:2220,1
DA:2221,1
DA:2222,1
DA:2225,0
DA:2226,0
DA:2227,0
DA:2237,5
DA:2240,5
DA:2241,10
DA:2243,5
DA:2244,10
DA:2250,0
DA:2251,0
DA:2252,0
DA:2258,0
DA:2259,0
DA:2260,0
DA:2261,0
DA:2269,1
DA:2270,2
DA:2271,3
DA:2275,1
DA:2276,2
DA:2277,3
DA:2286,0
DA:2287,0
DA:2288,0
DA:2289,0
DA:2290,0
DA:2296,0
DA:2297,0
DA:2298,0
DA:2300,0
DA:2301,0
DA:2302,0
DA:2303,0
DA:2306,0
DA:2313,0
DA:2314,0
DA:2316,0
DA:2318,0
DA:2326,0
DA:2333,0
DA:2340,0
DA:2342,0
DA:2352,0
DA:2353,0
DA:2354,0
DA:2356,0
DA:2358,0
DA:2360,0
DA:2366,0
DA:2367,0
DA:2369,0
DA:2371,0
DA:2372,0
DA:2373,0
DA:2376,0
LF:772
LH:476
end_of_record
SF:/Users/shorn/dev/dart/soco/lib/src/exceptions.dart
DA:11,10
DA:13,1
DA:14,1
DA:26,4
DA:28,1
DA:29,2
DA:50,6
DA:55,6
DA:57,5
DA:58,5
DA:68,4
DA:79,4
DA:85,1
DA:91,1
DA:97,1
DA:103,1
DA:110,1
DA:116,1
DA:136,1
DA:140,2
DA:142,1
DA:143,2
DA:157,1
DA:160,1
DA:162,1
DA:165,1
DA:166,3
LF:27
LH:27
end_of_record
SF:/Users/shorn/dev/dart/soco/lib/src/ms_data_structures.dart
DA:11,0
DA:17,1
DA:19,2
DA:20,4
DA:27,1
DA:29,1
DA:31,1
DA:35,1
DA:36,2
DA:38,6
DA:41,2
DA:45,1
DA:46,1
DA:47,1
DA:48,1
DA:49,1
DA:50,0
DA:51,1
DA:52,0
DA:53,1
DA:54,0
DA:55,1
DA:56,1
DA:57,1
DA:58,1
DA:59,1
DA:60,1
DA:62,2
DA:67,2
DA:68,2
DA:70,4
DA:71,8
DA:72,2
DA:73,4
DA:74,2
DA:76,0
DA:98,3
DA:101,1
DA:110,1
DA:111,1
DA:112,1
DA:117,1
DA:118,2
DA:120,2
DA:121,4
DA:122,2
DA:126,1
DA:128,1
DA:129,0
DA:132,2
DA:136,2
DA:137,2
DA:138,2
DA:140,1
DA:145,1
DA:146,2
DA:151,1
DA:152,2
DA:165,2
DA:166,1
DA:167,0
DA:168,0
DA:173,1
DA:177,3
DA:180,6
DA:181,6
DA:182,6
DA:183,3
DA:184,3
DA:185,3
DA:187,1
DA:190,1
DA:191,5
DA:194,1
DA:195,3
DA:197,1
DA:199,3
DA:200,2
DA:201,1
DA:202,1
DA:203,5
DA:207,3
DA:210,1
DA:212,1
DA:213,1
DA:219,2
DA:220,2
DA:221,2
DA:228,2
DA:229,1
DA:236,1
DA:237,1
DA:239,1
DA:245,1
DA:246,1
DA:248,1
DA:249,1
DA:250,1
DA:253,1
DA:254,1
DA:255,1
DA:256,1
DA:257,2
DA:260,1
DA:261,1
DA:262,1
DA:263,2
DA:266,1
DA:268,1
DA:272,1
DA:273,4
DA:281,2
DA:291,1
DA:294,2
DA:296,2
DA:297,2
DA:298,2
DA:299,2
DA:300,2
DA:301,2
DA:302,2
DA:303,2
DA:304,2
DA:305,2
DA:306,2
DA:307,2
DA:308,2
DA:309,2
DA:310,2
DA:311,2
DA:312,2
DA:315,2
DA:316,2
DA:318,2
DA:321,1
DA:322,1
DA:326,2
DA:327,2
DA:328,2
DA:332,4
DA:337,1
DA:340,2
DA:342,2
DA:343,2
DA:344,2
DA:345,2
DA:346,2
DA:347,2
DA:348,2
DA:349,2
DA:350,2
DA:351,2
DA:354,2
DA:355,2
DA:357,3
DA:359,1
DA:360,1
DA:364,2
DA:365,2
DA:366,2
DA:370,4
DA:375,1
DA:378,1
DA:380,1
DA:381,1
DA:382,1
DA:383,1
DA:384,1
DA:385,1
DA:386,1
DA:387,1
DA:388,1
DA:389,1
DA:392,1
DA:393,1
DA:395,1
DA:397,0
DA:398,0
DA:402,0
DA:403,0
DA:404,0
DA:408,0
DA:413,1
DA:416,0
DA:418,0
DA:419,0
DA:420,0
DA:421,0
DA:422,0
DA:423,0
DA:424,0
DA:427,1
DA:428,1
DA:430,1
DA:432,0
DA:433,0
DA:437,0
DA:438,0
DA:439,0
DA:443,0
DA:448,1
DA:451,1
DA:453,1
DA:454,1
DA:455,1
DA:456,1
DA:457,1
DA:458,1
DA:461,1
DA:462,1
DA:464,1
DA:466,0
DA:471,0
DA:475,0
DA:476,0
DA:477,0
DA:481,0
DA:486,1
DA:489,2
DA:491,2
DA:492,2
DA:493,2
DA:494,2
DA:495,2
DA:496,2
DA:497,2
DA:498,2
DA:501,2
DA:502,2
DA:504,2
DA:506,1
DA:507,1
DA:511,2
DA:512,2
DA:513,2
DA:517,4
DA:522,1
DA:525,2
DA:527,2
DA:528,2
DA:529,2
DA:530,2
DA:531,2
DA:532,2
DA:533,2
DA:536,2
DA:537,2
DA:539,2
DA:541,1
DA:542,1
DA:546,2
DA:547,2
DA:548,2
DA:552,4
DA:557,1
DA:560,2
DA:562,2
DA:563,2
DA:564,2
DA:565,2
DA:566,2
DA:567,2
DA:568,2
DA:571,2
DA:572,2
DA:574,2
DA:576,1
DA:581,1
DA:585,2
DA:586,2
DA:587,2
DA:591,4
DA:595,0
DA:596,0
DA:597,0
DA:598,0
DA:599,0
DA:600,0
DA:601,0
DA:602,0
DA:603,0
DA:608,0
DA:609,0
DA:610,0
LF:284
LH:238
end_of_record
SF:/Users/shorn/dev/dart/soco/lib/src/utils.dart
DA:7,12
DA:8,12
DA:25,4
DA:26,12
DA:27,12
DA:29,11
DA:30,9
DA:32,4
DA:51,1
DA:52,1
DA:53,1
DA:55,1
DA:56,4
DA:58,3
DA:59,2
DA:60,3
DA:64,1
DA:76,1
DA:78,1
DA:79,1
DA:94,1
DA:95,3
DA:111,2
DA:114,4
DA:124,2
DA:125,2
DA:126,8
DA:136,1
DA:137,1
DA:140,1
DA:141,1
DA:142,4
DA:146,1
DA:150,1
DA:151,2
DA:152,1
DA:153,5
DA:155,1
DA:184,1
LF:39
LH:39
end_of_record
SF:/Users/shorn/dev/dart/soco/lib/src/xml.dart
DA:17,3
DA:42,3
DA:43,3
DA:45,2
DA:47,3
DA:57,1
DA:58,2
LF:7
LH:7
end_of_record
SF:/Users/shorn/dev/dart/soco/lib/src/config.dart
DA:81,1
DA:83,1
DA:88,1
DA:97,1
LF:4
LH:4
end_of_record
SF:/Users/shorn/dev/dart/soco/lib/src/cache.dart
DA:45,1
DA:56,1
DA:62,1
DA:68,1
DA:111,13
DA:123,11
DA:125,11
DA:131,11
DA:133,22
DA:134,18
DA:136,27
DA:137,1
DA:140,18
DA:160,11
DA:167,11
DA:172,10
DA:173,11
DA:176,33
DA:178,22
DA:183,1
DA:185,1
DA:186,2
DA:190,1
DA:192,2
DA:203,12
DA:206,12
DA:207,68
DA:210,12
DA:212,12
DA:221,11
DA:236,13
DA:238,13
DA:240,1
LF:33
LH:33
end_of_record
SF:/Users/shorn/dev/dart/soco/lib/src/music_library.dart
DA:49,11
DA:50,1
DA:51,33
DA:57,0
DA:58,0
DA:60,0
DA:62,0
DA:72,1
DA:75,2
DA:76,3
DA:85,0
DA:87,0
DA:89,0
DA:95,1
DA:103,1
DA:116,1
DA:124,1
DA:137,1
DA:145,1
DA:158,1
DA:166,1
DA:179,1
DA:187,1
DA:200,1
DA:208,1
DA:224,1
DA:232,1
DA:245,1
DA:253,1
DA:266,1
DA:274,1
DA:287,1
DA:295,1
DA:385,1
DA:394,1
DA:396,2
DA:402,1
DA:403,2
DA:404,2
DA:410,1
DA:412,2
DA:414,2
DA:418,1
DA:423,2
DA:428,0
DA:436,1
DA:439,1
DA:440,1
DA:441,1
DA:442,1
DA:444,2
DA:445,2
DA:452,2
DA:453,1
DA:456,0
DA:459,0
DA:469,0
DA:472,1
DA:500,1
DA:508,1
DA:512,2
DA:513,3
DA:519,3
DA:525,1
DA:528,1
DA:530,2
DA:531,2
DA:538,2
DA:539,1
DA:540,1
DA:543,0
DA:545,0
DA:548,1
DA:551,1
DA:552,1
DA:553,1
DA:579,1
DA:586,1
DA:588,2
DA:594,2
DA:598,1
DA:599,1
DA:601,1
DA:602,1
DA:604,1
DA:612,1
DA:646,1
DA:651,2
DA:653,1
DA:654,1
DA:655,1
DA:656,1
DA:657,1
DA:658,1
DA:659,1
DA:664,1
DA:665,2
DA:666,4
LF:98
LH:85
end_of_record
SF:/Users/shorn/dev/dart/soco/lib/src/services.dart
DA:29,30
DA:43,1
DA:49,1
DA:51,5
DA:52,3
DA:53,2
DA:66,1
DA:68,1
DA:70,1
DA:71,2
DA:72,4
DA:74,3
DA:93,1
DA:100,1
DA:102,1
DA:103,3
DA:105,1
DA:106,5
DA:108,1
DA:200,12
DA:201,36
DA:202,12
DA:203,24
DA:204,48
DA:205,36
DA:206,48
DA:207,36
DA:208,24
DA:231,10
DA:232,10
DA:233,18
DA:234,8
DA:235,16
DA:237,8
DA:238,16
DA:240,10
DA:250,9
DA:253,9
DA:254,0
DA:257,0
DA:258,0
DA:265,9
DA:269,9
DA:270,27
DA:272,9
DA:273,18
DA:274,36
DA:293,1
DA:298,1
DA:299,2
DA:302,2
DA:307,0
DA:308,0
DA:310,0
DA:311,0
DA:312,0
DA:313,0
DA:318,0
DA:319,0
DA:320,0
DA:322,0
DA:323,0
DA:327,0
DA:328,0
DA:332,0
DA:333,0
DA:337,0
DA:338,0
DA:353,10
DA:358,10
DA:362,10
DA:363,20
DA:364,30
DA:365,10
DA:368,10
DA:371,30
DA:375,20
DA:390,10
DA:396,20
DA:400,20
DA:401,10
DA:402,44
DA:409,10
DA:412,30
DA:413,0
DA:414,0
DA:418,20
DA:424,40
DA:425,10
DA:426,10
DA:427,8
DA:428,8
DA:429,8
DA:432,2
DA:433,2
DA:436,45
DA:438,18
DA:439,18
DA:442,18
DA:443,18
DA:445,9
DA:446,42
DA:450,0
DA:454,8
DA:456,8
DA:458,0
DA:460,1
DA:461,3
DA:462,4
DA:466,15
DA:479,4
DA:481,4
DA:483,4
DA:487,4
DA:489,8
DA:490,8
DA:492,12
DA:494,4
DA:495,4
DA:496,4
DA:498,4
DA:499,8
DA:501,4
DA:508,4
DA:512,1
DA:520,1
DA:521,1
DA:522,1
DA:528,2
DA:529,1
DA:533,1
DA:534,1
DA:535,1
DA:544,1
DA:545,1
DA:546,1
DA:552,2
DA:553,1
DA:576,1
DA:583,1
DA:597,2
DA:599,2
DA:601,4
DA:602,2
DA:603,2
DA:607,8
DA:616,11
DA:617,11
DA:618,11
DA:624,11
DA:625,11
DA:631,11
DA:632,11
DA:638,11
DA:639,11
DA:645,11
DA:646,11
DA:652,11
DA:653,11
DA:659,1
DA:660,1
DA:666,1
DA:667,1
DA:673,11
DA:674,11
DA:680,1
DA:681,1
DA:687,11
DA:688,11
DA:694,1
DA:695,1
DA:701,11
DA:702,11
DA:708,1
DA:709,1
DA:715,11
DA:716,11
DA:721,8
DA:723,8
DA:724,8
DA:725,8
DA:726,8
DA:727,8
LF:183
LH:159
end_of_record
SF:/Users/shorn/dev/dart/soco/lib/src/zonegroupstate.dart
DA:30,15
DA:73,2
DA:74,2
DA:78,5
DA:79,10
DA:80,10
DA:81,10
DA:91,5
DA:93,15
DA:94,10
DA:95,8
DA:96,8
DA:97,8
DA:111,10
DA:114,4
DA:117,4
DA:120,4
DA:125,16
DA:127,4
DA:128,8
DA:130,1
DA:131,0
DA:134,0
DA:135,0
DA:143,0
DA:154,5
DA:159,10
DA:161,5
DA:163,10
DA:164,3
DA:168,10
DA:169,10
DA:170,15
DA:173,5
DA:174,5
DA:180,5
DA:183,5
DA:188,25
DA:189,5
DA:190,20
DA:192,5
DA:195,10
DA:196,5
DA:197,5
DA:200,25
DA:201,5
DA:206,10
DA:211,5
DA:212,5
DA:213,5
DA:215,10
DA:217,2
DA:218,2
DA:223,2
DA:224,1
DA:225,2
DA:226,1
DA:235,25
DA:236,5
DA:237,6
DA:238,10
DA:240,10
DA:246,5
DA:247,5
DA:249,5
DA:250,5
DA:254,10
DA:257,10
DA:258,5
DA:259,5
DA:263,5
DA:265,5
DA:266,5
DA:269,5
DA:270,5
DA:272,5
DA:273,5
DA:275,5
DA:277,2
DA:281,5
DA:282,25
DA:283,5
DA:284,11
DA:287,5
DA:290,5
DA:291,10
DA:293,7
DA:294,2
DA:295,2
DA:296,2
DA:298,2
DA:303,10
DA:304,5
DA:318,5
DA:320,5
DA:321,5
DA:324,5
DA:326,5
DA:328,0
DA:334,5
DA:335,15
DA:337,5
DA:340,8
DA:342,6
DA:344,6
DA:345,3
DA:349,20
DA:350,10
DA:351,10
DA:352,5
DA:357,5
DA:361,10
DA:365,5
DA:366,10
LF:114
LH:109
end_of_record
SF:/Users/shorn/dev/dart/soco/lib/src/data_structure_quirks.dart
DA:19,6
DA:32,2
DA:34,2
DA:41,2
DA:42,4
DA:46,4
DA:47,2
DA:50,2
DA:53,4
LF:9
LH:9
end_of_record
SF:/Users/shorn/dev/dart/soco/lib/src/data_structures.dart
DA:19,6
DA:22,9
DA:55,1
DA:56,1
DA:57,1
DA:59,1
DA:65,1
DA:66,2
DA:67,4
DA:72,2
DA:76,2
DA:79,4
DA:80,2
DA:81,2
DA:85,4
DA:86,4
DA:92,6
DA:97,1
DA:98,1
DA:99,2
DA:102,1
DA:106,4
DA:107,5
DA:112,1
DA:113,1
DA:116,1
DA:117,2
DA:118,1
DA:119,1
DA:120,1
DA:126,2
DA:127,3
DA:130,4
DA:179,3
DA:195,2
DA:197,2
DA:198,2
DA:201,2
DA:203,2
DA:210,2
DA:213,2
DA:215,0
DA:220,2
DA:221,2
DA:223,2
DA:224,2
DA:225,2
DA:226,2
DA:227,2
DA:228,2
DA:229,2
DA:230,2
DA:231,2
DA:232,2
DA:237,2
DA:238,2
DA:239,2
DA:241,2
DA:243,4
DA:246,4
DA:247,8
DA:248,6
DA:249,5
DA:250,2
DA:251,3
DA:253,2
DA:254,3
DA:256,2
DA:257,3
DA:259,4
DA:260,2
DA:261,3
DA:263,4
DA:265,4
DA:269,2
DA:270,6
DA:274,1
DA:275,1
DA:276,1
DA:277,1
DA:278,1
DA:279,1
DA:280,1
DA:281,1
DA:282,1
DA:283,1
DA:284,1
DA:285,1
DA:286,1
DA:287,1
DA:291,2
DA:297,1
DA:298,4
DA:343,2
DA:351,2
DA:352,2
DA:355,3
DA:358,3
DA:361,1
DA:363,2
DA:364,2
DA:365,3
DA:368,1
DA:369,1
DA:370,1
DA:371,2
DA:376,1
DA:377,1
DA:378,1
DA:379,1
DA:384,2
DA:385,3
DA:389,2
DA:390,1
DA:392,1
DA:396,1
DA:397,2
DA:403,3
DA:404,2
DA:405,2
DA:406,1
DA:407,3
DA:408,1
DA:409,3
DA:416,1
DA:418,6
DA:430,2
DA:445,2
DA:460,2
DA:475,0
DA:490,0
DA:505,0
DA:524,2
DA:533,2
DA:541,1
DA:556,1
DA:571,2
DA:586,0
DA:601,2
DA:616,1
DA:631,1
DA:646,1
DA:684,2
DA:692,1
DA:694,4
DA:702,3
DA:704,6
DA:705,6
DA:706,6
DA:707,6
DA:708,6
DA:709,6
DA:711,6
DA:712,6
DA:713,6
DA:714,6
DA:715,6
DA:716,6
DA:717,6
DA:718,6
DA:720,6
DA:721,6
DA:729,0
DA:730,0
DA:731,0
LF:165
LH:157
end_of_record
SF:/Users/shorn/dev/dart/soco/lib/src/data_structures_entry.dart
DA:11,6
DA:22,6
DA:35,2
DA:37,4
DA:38,4
DA:41,2
DA:46,2
DA:49,0
DA:50,0
DA:53,0
DA:56,2
DA:58,3
DA:59,2
DA:61,2
DA:64,2
DA:65,1
DA:68,1
DA:71,1
DA:74,0
DA:80,1
DA:85,2
DA:91,2
DA:95,2
DA:96,6
DA:97,8
DA:98,4
DA:99,2
DA:103,4
DA:109,1
DA:110,2
LF:30
LH:26
end_of_record
SF:/Users/shorn/dev/dart/soco/lib/src/discovery.dart
DA:12,3
DA:15,1
DA:17,0
DA:19,1
DA:70,1
DA:81,1
DA:83,2
DA:85,1
DA:86,2
DA:87,1
DA:91,1
DA:92,1
DA:93,0
DA:96,2
DA:97,1
DA:102,1
DA:103,2
DA:105,1
DA:107,1
DA:108,1
DA:109,1
DA:110,3
DA:112,3
DA:116,1
DA:117,2
DA:122,1
DA:123,1
DA:125,2
DA:126,2
DA:127,3
DA:129,1
DA:131,0
DA:132,0
DA:133,0
DA:138,1
DA:139,0
DA:144,1
DA:147,2
DA:148,2
DA:149,1
DA:150,1
DA:152,2
DA:153,2
DA:154,2
DA:158,1
DA:160,3
DA:163,2
DA:164,1
DA:168,1
DA:170,0
DA:171,0
DA:172,0
DA:176,3
DA:177,1
DA:178,1
DA:190,2
DA:191,0
DA:192,0
DA:193,0
DA:194,0
DA:196,0
DA:201,1
DA:205,0
DA:206,0
DA:207,0
DA:209,0
DA:210,0
DA:211,0
DA:212,0
DA:213,0
DA:216,0
DA:219,0
DA:220,0
DA:221,0
DA:222,0
DA:242,1
DA:249,2
DA:250,2
DA:251,1
DA:260,0
DA:265,0
DA:278,1
DA:283,1
DA:292,2
DA:293,2
DA:352,1
DA:364,2
DA:367,1
DA:368,2
DA:369,3
DA:373,2
DA:374,2
DA:377,2
DA:378,1
DA:380,0
DA:385,0
DA:386,0
DA:387,0
DA:393,1
DA:394,1
DA:397,1
DA:398,2
DA:402,2
DA:404,1
DA:405,1
DA:406,3
DA:408,1
DA:409,2
DA:410,1
DA:411,3
DA:412,1
DA:413,1
DA:415,2
DA:417,1
DA:418,1
DA:419,1
DA:429,4
DA:432,1
DA:433,4
DA:436,1
DA:437,2
DA:443,0
DA:444,0
DA:447,0
DA:449,0
DA:459,0
DA:461,0
DA:478,1
DA:487,1
DA:498,0
DA:499,0
DA:500,0
DA:501,0
DA:507,3
DA:524,1
DA:527,1
DA:532,2
DA:533,2
DA:535,2
DA:538,2
DA:542,3
DA:557,0
DA:560,0
DA:565,0
DA:566,0
DA:568,0
DA:573,0
DA:574,0
DA:582,0
DA:583,0
DA:584,0
DA:589,0
DA:594,0
DA:599,0
DA:602,0
DA:605,0
DA:612,1
DA:615,3
DA:617,10
DA:619,4
DA:620,1
DA:621,2
DA:624,3
DA:626,1
DA:627,2
DA:628,2
DA:629,2
DA:630,1
DA:633,3
DA:651,1
DA:653,1
DA:656,3
DA:658,0
DA:672,0
DA:675,0
DA:676,0
DA:691,1
DA:698,2
DA:700,1
DA:704,1
DA:706,3
DA:709,1
DA:712,0
DA:715,0
DA:716,0
DA:717,0
DA:721,0
DA:725,0
LF:188
LH:120
end_of_record
SF:/Users/shorn/dev/dart/soco/lib/src/plugins/wimp.dart
DA:57,3
DA:74,3
DA:89,1
DA:91,1
DA:93,1
DA:94,2
DA:97,1
DA:100,1
DA:102,1
DA:110,1
DA:120,0
DA:127,1
DA:128,1
DA:132,4
DA:133,0
DA:135,0
DA:136,0
DA:143,0
DA:200,0
DA:216,1
DA:230,1
DA:233,1
DA:234,1
DA:236,0
DA:237,0
DA:239,0
DA:240,0
DA:241,0
DA:243,0
DA:245,0
DA:248,0
DA:249,0
DA:252,1
DA:253,2
DA:256,2
DA:259,2
DA:262,3
DA:267,1
DA:272,1
DA:279,1
DA:284,1
DA:291,1
DA:296,1
DA:307,1
DA:312,1
DA:330,1
DA:336,1
DA:339,2
DA:340,2
DA:344,1
DA:346,1
DA:347,1
DA:350,1
DA:351,1
DA:352,1
DA:353,1
DA:356,1
DA:357,1
DA:358,1
DA:360,1
DA:362,2
DA:365,2
DA:366,2
DA:368,2
DA:369,1
DA:370,4
DA:374,1
DA:376,1
DA:377,0
DA:378,0
DA:396,1
DA:397,1
DA:400,4
DA:401,1
DA:409,2
DA:410,1
DA:412,1
DA:417,1
DA:418,1
DA:419,1
DA:422,1
DA:423,1
DA:424,1
DA:428,1
DA:429,2
DA:432,1
DA:433,2
DA:434,0
DA:439,1
DA:442,2
DA:444,2
DA:445,1
DA:446,4
DA:449,2
DA:450,3
DA:451,3
DA:452,0
DA:453,0
DA:469,1
DA:470,2
DA:472,1
DA:482,1
DA:484,1
DA:485,2
DA:488,2
DA:491,1
DA:492,3
DA:493,1
DA:494,2
DA:495,1
DA:496,2
DA:502,1
DA:504,1
DA:507,2
DA:508,2
DA:510,1
DA:511,1
DA:512,3
DA:514,2
DA:516,7
DA:517,7
DA:518,1
DA:519,7
DA:520,1
DA:521,7
DA:523,1
DA:527,1
DA:528,1
DA:531,2
DA:532,2
DA:534,1
DA:535,1
DA:536,3
DA:538,2
DA:540,1
DA:541,6
DA:542,7
DA:543,1
DA:544,6
DA:546,1
DA:550,1
DA:551,1
DA:552,1
DA:553,1
DA:554,1
DA:555,1
DA:560,2
DA:561,2
DA:563,1
DA:564,1
DA:565,3
DA:567,2
DA:569,1
DA:570,7
DA:571,1
DA:572,7
DA:573,1
DA:574,6
DA:580,1
DA:581,2
DA:582,1
DA:583,1
DA:585,2
DA:587,3
DA:589,2
DA:592,2
DA:593,1
DA:595,1
LF:168
LH:148
end_of_record
SF:/Users/shorn/dev/dart/soco/lib/src/plugins/plugins.dart
DA:6,6
DA:20,2
DA:21,4
DA:22,6
LF:4
LH:4
end_of_record
SF:/Users/shorn/dev/dart/soco/lib/src/plugins/sharelink.dart
DA:28,1
DA:29,1
DA:30,1
DA:35,1
DA:40,1
DA:45,1
DA:50,1
DA:55,1
DA:72,1
DA:74,1
DA:77,1
DA:79,3
DA:84,1
DA:87,1
DA:89,1
DA:90,1
DA:91,1
DA:92,1
DA:99,1
DA:105,1
DA:107,1
DA:110,1
DA:112,3
DA:117,1
DA:120,1
DA:122,1
DA:123,1
DA:124,1
DA:126,1
DA:127,1
DA:134,1
DA:136,1
DA:139,1
DA:141,3
DA:146,1
DA:149,1
DA:151,1
DA:152,1
DA:153,1
DA:155,1
DA:156,1
DA:163,1
DA:166,1
DA:169,1
DA:171,2
DA:175,1
DA:176,1
DA:178,2
DA:182,1
DA:185,1
DA:187,2
DA:193,1
DA:196,1
DA:198,1
DA:199,1
DA:200,1
DA:201,1
DA:221,1
DA:223,1
DA:227,1
DA:228,2
DA:229,1
DA:249,1
DA:255,2
DA:257,2
DA:258,1
DA:259,1
DA:260,1
DA:262,3
DA:277,4
DA:278,1
DA:279,3
DA:280,3
DA:283,3
DA:285,1
DA:286,1
DA:287,1
DA:288,1
DA:289,1
DA:290,1
DA:294,1
DA:295,1
DA:296,1
LF:83
LH:83
end_of_record
SF:/Users/shorn/dev/dart/soco/lib/src/alarms.dart
DA:47,1
DA:48,1
DA:51,1
DA:52,1
DA:95,1
DA:97,2
DA:98,1
DA:99,1
DA:100,1
DA:101,1
DA:111,3
DA:114,1
DA:117,2
DA:120,2
DA:123,1
DA:125,1
DA:126,2
DA:127,3
DA:128,1
DA:132,1
DA:133,3
DA:135,1
DA:136,2
DA:139,3
DA:142,3
DA:149,1
DA:150,0
DA:153,0
DA:156,1
DA:158,2
DA:159,1
DA:161,1
DA:162,1
DA:163,1
DA:164,2
DA:166,2
DA:167,0
DA:169,0
DA:170,0
DA:177,0
DA:178,0
DA:183,2
DA:188,1
DA:190,1
DA:193,2
DA:194,1
DA:195,1
DA:197,2
DA:199,1
DA:201,1
DA:202,1
DA:203,2
DA:208,3
DA:209,2
DA:210,1
DA:211,2
DA:229,1
DA:234,1
DA:237,3
DA:238,0
DA:241,1
DA:247,1
DA:255,1
DA:259,1
DA:260,1
DA:262,2
DA:263,1
DA:265,1
DA:267,2
DA:268,1
DA:270,1
DA:272,2
DA:273,2
DA:284,1
DA:285,1
DA:286,1
DA:288,1
DA:290,1
DA:291,2
DA:292,1
DA:293,2
DA:294,1
DA:295,1
DA:296,1
DA:297,2
DA:299,2
DA:302,1
DA:309,1
DA:310,1
DA:311,1
DA:315,2
DA:316,2
DA:317,2
DA:386,1
DA:397,1
DA:402,1
DA:404,1
DA:406,1
DA:410,1
DA:411,1
DA:412,1
DA:413,1
DA:414,1
DA:415,1
DA:416,1
DA:417,1
DA:418,1
DA:419,1
DA:420,1
DA:423,1
DA:424,1
DA:425,2
DA:427,1
DA:428,2
DA:430,1
DA:431,2
DA:433,1
DA:434,2
DA:436,1
DA:437,2
DA:439,1
DA:440,2
DA:442,3
DA:443,3
DA:444,1
DA:445,2
DA:450,1
DA:451,1
DA:452,4
DA:455,1
DA:457,2
DA:458,2
DA:462,1
DA:463,4
DA:464,3
DA:465,3
DA:472,2
DA:474,1
DA:475,1
DA:476,1
DA:477,2
DA:479,1
DA:483,2
DA:485,1
DA:487,2
DA:496,2
DA:498,1
DA:499,1
DA:500,2
DA:502,1
DA:506,2
DA:509,1
DA:510,1
DA:520,1
DA:521,2
DA:522,1
DA:523,3
DA:524,4
DA:525,2
DA:526,2
DA:527,1
DA:528,2
DA:529,2
DA:530,2
DA:531,2
DA:532,2
DA:535,1
DA:536,3
DA:540,2
DA:542,1
DA:543,5
DA:544,4
DA:546,3
DA:549,4
DA:550,3
DA:553,1
DA:563,1
DA:564,3
DA:566,3
DA:569,1
DA:570,3
DA:571,1
DA:588,1
DA:592,1
DA:596,1
DA:599,3
DA:603,2
DA:604,1
DA:609,1
DA:610,1
DA:611,1
DA:612,1
DA:617,2
DA:618,1
DA:619,1
DA:621,1
DA:627,1
DA:631,1
DA:632,1
DA:633,1
DA:635,2
DA:636,1
DA:640,1
DA:641,4
DA:642,1
DA:643,1
DA:644,4
DA:647,1
DA:648,1
DA:649,1
DA:650,2
DA:651,2
DA:652,2
DA:653,2
DA:656,1
DA:667,1
DA:668,1
DA:669,1
DA:670,3
DA:682,1
DA:683,1
DA:684,1
DA:685,1
DA:689,1
LF:224
LH:216
end_of_record
SF:/Users/shorn/dev/dart/soco/lib/src/snapshot.dart
DA:104,1
DA:106,1
DA:107,2
DA:117,1
DA:119,3
DA:122,3
DA:124,2
DA:126,2
DA:138,5
DA:139,4
DA:141,1
DA:144,1
DA:149,3
DA:150,3
DA:151,3
DA:152,3
DA:153,3
DA:156,1
DA:158,3
DA:159,3
DA:162,2
DA:163,1
DA:164,2
DA:166,2
DA:168,2
DA:171,2
DA:175,1
DA:176,2
DA:177,2
DA:181,1
DA:184,1
DA:195,1
DA:197,1
DA:198,1
DA:201,1
DA:206,1
DA:207,2
DA:208,2
DA:209,2
DA:210,2
DA:216,1
DA:220,2
DA:221,2
DA:222,2
DA:226,1
DA:229,1
DA:235,0
DA:236,0
DA:238,0
DA:239,0
DA:244,0
DA:245,0
DA:247,0
DA:248,0
DA:250,1
DA:257,3
DA:258,2
DA:259,1
DA:260,1
DA:271,1
DA:272,1
DA:273,3
DA:281,2
DA:282,2
DA:287,1
DA:288,3
DA:290,1
DA:291,3
DA:293,1
DA:294,3
DA:300,2
DA:301,1
DA:302,3
DA:306,1
DA:307,3
DA:314,1
DA:315,1
DA:324,0
DA:325,0
DA:330,0
DA:332,0
DA:333,0
DA:336,0
DA:348,1
DA:349,1
DA:351,0
DA:353,0
DA:354,0
DA:355,0
LF:89
LH:71
end_of_record
SF:/Users/shorn/dev/dart/soco/lib/src/soap.dart
DA:18,3
DA:40,1
DA:41,2
DA:42,3
DA:45,1
DA:46,3
DA:98,1
DA:120,1
DA:124,1
DA:129,2
DA:133,1
DA:149,1
DA:151,1
DA:166,1
DA:171,1
DA:172,2
DA:173,1
DA:174,1
DA:176,2
DA:177,2
DA:180,1
DA:184,1
DA:186,1
DA:198,1
DA:202,1
DA:216,1
DA:217,3
DA:218,2
DA:219,4
DA:220,1
DA:233,1
DA:234,1
DA:237,3
DA:238,0
DA:242,1
DA:244,2
DA:249,2
DA:250,1
DA:251,1
DA:252,1
DA:253,1
DA:254,1
DA:257,0
DA:258,0
DA:261,5
DA:263,1
DA:265,1
DA:267,2
DA:271,1
DA:275,1
DA:278,3
DA:279,3
DA:280,2
DA:281,1
DA:290,1
DA:294,1
DA:295,1
DA:296,1
DA:297,1
DA:300,1
DA:302,2
DA:304,1
DA:308,1
DA:312,0
DA:313,0
DA:314,0
DA:318,3
DA:319,3
DA:320,2
DA:322,1
DA:329,1
DA:330,3
DA:331,2
DA:344,1
DA:346,1
DA:347,1
DA:348,1
DA:349,1
DA:350,1
LF:79
LH:73
end_of_record
SF:/Users/shorn/dev/dart/soco/lib/src/events_base.dart
DA:20,3
DA:23,3
DA:41,1
DA:43,2
DA:45,2
DA:46,2
DA:47,1
DA:50,1
DA:51,1
DA:54,2
DA:59,2
DA:60,3
DA:65,3
DA:66,1
DA:67,1
DA:69,1
DA:77,1
DA:78,1
DA:82,1
DA:84,1
DA:85,1
DA:89,1
DA:91,1
DA:92,1
DA:96,1
DA:101,3
DA:102,2
DA:105,1
DA:115,2
DA:117,1
DA:121,1
DA:125,0
DA:126,0
DA:127,0
DA:132,0
DA:137,0
DA:141,1
DA:143,2
DA:144,2
DA:146,1
DA:150,5
DA:156,2
DA:157,3
DA:158,0
DA:198,1
DA:204,1
DA:210,3
DA:212,1
DA:214,5
DA:231,1
DA:232,3
DA:233,2
DA:234,2
DA:237,2
DA:241,1
DA:242,2
DA:243,3
DA:244,1
DA:247,1
DA:250,1
DA:253,1
DA:255,3
DA:357,1
DA:359,1
DA:360,0
DA:361,3
DA:401,1
DA:402,2
DA:403,2
DA:410,1
DA:411,2
DA:414,3
DA:415,4
DA:416,2
DA:423,1
DA:424,1
DA:425,4
DA:427,0
DA:429,0
DA:430,0
DA:431,0
DA:438,1
DA:439,2
DA:440,1
DA:444,1
DA:446,2
DA:449,3
DA:450,2
DA:454,1
DA:458,1
DA:459,1
DA:460,1
DA:463,1
DA:466,2
DA:469,2
DA:474,1
DA:475,1
DA:488,1
DA:489,1
DA:490,3
DA:498,1
DA:499,1
DA:500,3
DA:511,1
DA:512,2
DA:516,3
DA:526,1
LF:107
LH:96
end_of_record
